17:06:50.224 [NamespaceSystem-akka.actor.default-dispatcher-4] INFO akka.event.slf4j.Slf4jLogger - Slf4jLogger started
17:06:50.923 [main] INFO com.firebase.server.forge.App$ - Listening at 127.0.0.1:9500
17:07:12.770 [NamespaceSystem-akka.actor.default-dispatcher-5] INFO com.firebase.core.namespace.NamespaceActor - genbay-116d4-default-rtdb successfully activated FBKV (SurveyIdle(0)) wait: 598ms, init: 0ms
17:07:13.027 [NamespaceSystem-blocking-namespace-operation-dispatcher-7] INFO com.firebase.core.namespace.StateManager - Namespace genbay-116d4-default-rtdb status Active to Active
17:07:13.115 [NamespaceSystem-blocking-namespace-operation-dispatcher-7] INFO com.firebase.core.namespace.StateManager - Namespace genbay-116d4-default-rtdb status Active to Active
17:07:46.976 [FirebaseWorkerPool-1-4] WARN com.firebase.core.persistence.backend.dummy.EmulatorMetadataPersistence - Multiple projectIds are not recommended in single project mode. Requested 
namespace genbay-116d4, but the emulator is configured for genbay-116d4-default-rtdb. To 
opt-out of single project mode add/set the single_project_mode: false property in 
the firebase.json emulators config. 
17:07:46.990 [NamespaceSystem-akka.actor.default-dispatcher-5] INFO com.firebase.core.namespace.NamespaceActor - genbay-116d4 successfully activated FBKV (SurveyIdle(0)) wait: 4ms, init: 0ms
17:07:53.900 [NamespaceSystem-blocking-namespace-operation-dispatcher-12] INFO com.firebase.core.stats.EventAuditLog - {"eventId":"8WqxTTA4XTjvlQBtk8zebOWV0z8=","namespace":"genbay-116d4-default-rtdb","projectNumber":"123456789","eventType":"providers/google.firebase.database/eventTypes/ref.create","flowName":"projects/genbay-116d4/topics/us-central1-friendRequestSent-0","resource":"projects/_/instances/genbay-116d4-default-rtdb/refs/friends/BwiviSs0EGMGeayTLCNWfoAFow13/pendingList/0","evaluationTimestamp":"2023-05-06T11:37:53.753Z","stage":"TRIGGERED"}
17:07:53.901 [NamespaceSystem-blocking-namespace-operation-dispatcher-12] INFO com.firebase.core.stats.EventAuditLog - {"eventId":"rE69xSM6uKOACZykL3qfTjyhUVA=","namespace":"genbay-116d4-default-rtdb","projectNumber":"123456789","eventType":"providers/google.firebase.database/eventTypes/ref.create","flowName":"projects/genbay-116d4/topics/us-central1-friendRequestSent-0","resource":"projects/_/instances/genbay-116d4-default-rtdb/refs/friends/DjEMqUpsMXVSIT6gd1mOExiDnL53/pendingList/0","evaluationTimestamp":"2023-05-06T11:37:53.753Z","stage":"TRIGGERED"}
17:07:53.903 [NamespaceSystem-blocking-namespace-operation-dispatcher-12] INFO com.firebase.core.stats.EventAuditLog - {"eventId":"E6F8vUG0u7QeGqGEpO9m7RTTemA=","namespace":"genbay-116d4-default-rtdb","projectNumber":"123456789","eventType":"providers/google.firebase.database/eventTypes/ref.create","flowName":"projects/genbay-116d4/topics/us-central1-friendRequestSent-0","resource":"projects/_/instances/genbay-116d4-default-rtdb/refs/friends/PnygqpNJdAb8gIwtIh059lkUk4q2/pendingList/0","evaluationTimestamp":"2023-05-06T11:37:53.753Z","stage":"TRIGGERED"}
17:07:53.903 [NamespaceSystem-blocking-namespace-operation-dispatcher-12] INFO com.firebase.core.stats.EventAuditLog - {"eventId":"4C+kFYBEJWP0IBreengBVmD8suQ=","namespace":"genbay-116d4-default-rtdb","projectNumber":"123456789","eventType":"providers/google.firebase.database/eventTypes/ref.create","flowName":"projects/genbay-116d4/topics/us-central1-friendRequestSent-0","resource":"projects/_/instances/genbay-116d4-default-rtdb/refs/friends/g0u0tpF6E7d4IYLzZ4fR4xfFNG12/pendingList/0","evaluationTimestamp":"2023-05-06T11:37:53.753Z","stage":"TRIGGERED"}
17:07:53.903 [NamespaceSystem-blocking-namespace-operation-dispatcher-12] INFO com.firebase.core.stats.EventAuditLog - {"eventId":"Z/C8VZl7nFekGRP02MFd1+xUKKI=","namespace":"genbay-116d4-default-rtdb","projectNumber":"123456789","eventType":"providers/google.firebase.database/eventTypes/ref.create","flowName":"projects/genbay-116d4/topics/us-central1-friendRequestSent-0","resource":"projects/_/instances/genbay-116d4-default-rtdb/refs/friends/g0u0tpF6E7d4IYLzZ4fR4xfFNG12/pendingList/1","evaluationTimestamp":"2023-05-06T11:37:53.753Z","stage":"TRIGGERED"}
17:07:53.903 [NamespaceSystem-blocking-namespace-operation-dispatcher-12] INFO com.firebase.core.stats.EventAuditLog - {"eventId":"RDledKP93DPZuD5JsoWfUxYhQvI=","namespace":"genbay-116d4-default-rtdb","projectNumber":"123456789","eventType":"providers/google.firebase.database/eventTypes/ref.create","flowName":"projects/genbay-116d4/topics/us-central1-friendRequestSent-0","resource":"projects/_/instances/genbay-116d4-default-rtdb/refs/friends/jWg6qMo4ASbnAHAu3J9joGqiWBI3/pendingList/0","evaluationTimestamp":"2023-05-06T11:37:53.753Z","stage":"TRIGGERED"}
17:07:53.904 [NamespaceSystem-blocking-namespace-operation-dispatcher-12] INFO com.firebase.core.stats.EventAuditLog - {"eventId":"83MKr8OjHfqIQ2ZgYv0fNQHjIzA=","namespace":"genbay-116d4-default-rtdb","projectNumber":"123456789","eventType":"providers/google.firebase.database/eventTypes/ref.create","flowName":"projects/genbay-116d4/topics/us-central1-friendRequestAccepted-0","resource":"projects/_/instances/genbay-116d4-default-rtdb/refs/friends/1NBqwLXoZvR37jYiAUvOkRCNvoH3/acceptedList/0","evaluationTimestamp":"2023-05-06T11:37:53.753Z","stage":"TRIGGERED"}
17:07:53.904 [NamespaceSystem-blocking-namespace-operation-dispatcher-12] INFO com.firebase.core.stats.EventAuditLog - {"eventId":"1Nxqe3HUU/OeIVj1qtv+Zdv8tAs=","namespace":"genbay-116d4-default-rtdb","projectNumber":"123456789","eventType":"providers/google.firebase.database/eventTypes/ref.create","flowName":"projects/genbay-116d4/topics/us-central1-friendRequestAccepted-0","resource":"projects/_/instances/genbay-116d4-default-rtdb/refs/friends/1NBqwLXoZvR37jYiAUvOkRCNvoH3/acceptedList/1","evaluationTimestamp":"2023-05-06T11:37:53.753Z","stage":"TRIGGERED"}
17:07:53.904 [NamespaceSystem-blocking-namespace-operation-dispatcher-12] INFO com.firebase.core.stats.EventAuditLog - {"eventId":"cQrK1Wch+LLffxVPavy+eJr8AKY=","namespace":"genbay-116d4-default-rtdb","projectNumber":"123456789","eventType":"providers/google.firebase.database/eventTypes/ref.create","flowName":"projects/genbay-116d4/topics/us-central1-friendRequestAccepted-0","resource":"projects/_/instances/genbay-116d4-default-rtdb/refs/friends/1NBqwLXoZvR37jYiAUvOkRCNvoH3/acceptedList/2","evaluationTimestamp":"2023-05-06T11:37:53.753Z","stage":"TRIGGERED"}
17:07:53.904 [NamespaceSystem-blocking-namespace-operation-dispatcher-12] INFO com.firebase.core.stats.EventAuditLog - {"eventId":"0jtIb4AvY8+BfAk/RFJA3x3x31Y=","namespace":"genbay-116d4-default-rtdb","projectNumber":"123456789","eventType":"providers/google.firebase.database/eventTypes/ref.create","flowName":"projects/genbay-116d4/topics/us-central1-friendRequestAccepted-0","resource":"projects/_/instances/genbay-116d4-default-rtdb/refs/friends/8Fqh25t3FRNNNQfn6JoemXBWZbv2/acceptedList/0","evaluationTimestamp":"2023-05-06T11:37:53.753Z","stage":"TRIGGERED"}
17:07:53.904 [NamespaceSystem-blocking-namespace-operation-dispatcher-12] INFO com.firebase.core.stats.EventAuditLog - {"eventId":"yV2zU6oJp6RwW+PI6L/1CDgi3Ks=","namespace":"genbay-116d4-default-rtdb","projectNumber":"123456789","eventType":"providers/google.firebase.database/eventTypes/ref.create","flowName":"projects/genbay-116d4/topics/us-central1-friendRequestAccepted-0","resource":"projects/_/instances/genbay-116d4-default-rtdb/refs/friends/8Fqh25t3FRNNNQfn6JoemXBWZbv2/acceptedList/1","evaluationTimestamp":"2023-05-06T11:37:53.753Z","stage":"TRIGGERED"}
17:07:53.904 [NamespaceSystem-blocking-namespace-operation-dispatcher-12] INFO com.firebase.core.stats.EventAuditLog - {"eventId":"CfIqPo88BwzuhgSFmVoxpO3GbDo=","namespace":"genbay-116d4-default-rtdb","projectNumber":"123456789","eventType":"providers/google.firebase.database/eventTypes/ref.create","flowName":"projects/genbay-116d4/topics/us-central1-friendRequestAccepted-0","resource":"projects/_/instances/genbay-116d4-default-rtdb/refs/friends/BwiviSs0EGMGeayTLCNWfoAFow13/acceptedList/0","evaluationTimestamp":"2023-05-06T11:37:53.753Z","stage":"TRIGGERED"}
17:07:53.905 [NamespaceSystem-blocking-namespace-operation-dispatcher-12] INFO com.firebase.core.stats.EventAuditLog - {"eventId":"PRHhwhzw0lZrRR+c5/d9tyQpFkQ=","namespace":"genbay-116d4-default-rtdb","projectNumber":"123456789","eventType":"providers/google.firebase.database/eventTypes/ref.create","flowName":"projects/genbay-116d4/topics/us-central1-friendRequestAccepted-0","resource":"projects/_/instances/genbay-116d4-default-rtdb/refs/friends/ClC4gcP6Q6WQgYjOt2uCi9QCz0a2/acceptedList/0","evaluationTimestamp":"2023-05-06T11:37:53.753Z","stage":"TRIGGERED"}
17:07:53.905 [NamespaceSystem-blocking-namespace-operation-dispatcher-12] INFO com.firebase.core.stats.EventAuditLog - {"eventId":"2AwrDgj8TCgxBuTAQvrrE5CTRSk=","namespace":"genbay-116d4-default-rtdb","projectNumber":"123456789","eventType":"providers/google.firebase.database/eventTypes/ref.create","flowName":"projects/genbay-116d4/topics/us-central1-friendRequestAccepted-0","resource":"projects/_/instances/genbay-116d4-default-rtdb/refs/friends/DjEMqUpsMXVSIT6gd1mOExiDnL53/acceptedList/0","evaluationTimestamp":"2023-05-06T11:37:53.753Z","stage":"TRIGGERED"}
17:07:53.905 [NamespaceSystem-blocking-namespace-operation-dispatcher-12] INFO com.firebase.core.stats.EventAuditLog - {"eventId":"xRtdXsWaJZF2Zh+JvaTgzAo+YC8=","namespace":"genbay-116d4-default-rtdb","projectNumber":"123456789","eventType":"providers/google.firebase.database/eventTypes/ref.create","flowName":"projects/genbay-116d4/topics/us-central1-friendRequestAccepted-0","resource":"projects/_/instances/genbay-116d4-default-rtdb/refs/friends/Fnwh5s7hiCWL05lT2zPbgOdZ9VG3/acceptedList/0","evaluationTimestamp":"2023-05-06T11:37:53.753Z","stage":"TRIGGERED"}
17:07:53.905 [NamespaceSystem-blocking-namespace-operation-dispatcher-12] INFO com.firebase.core.stats.EventAuditLog - {"eventId":"7X6nPjHXeIW43Gzs26APFMXRaMM=","namespace":"genbay-116d4-default-rtdb","projectNumber":"123456789","eventType":"providers/google.firebase.database/eventTypes/ref.create","flowName":"projects/genbay-116d4/topics/us-central1-friendRequestAccepted-0","resource":"projects/_/instances/genbay-116d4-default-rtdb/refs/friends/Fnwh5s7hiCWL05lT2zPbgOdZ9VG3/acceptedList/1","evaluationTimestamp":"2023-05-06T11:37:53.753Z","stage":"TRIGGERED"}
17:07:53.905 [NamespaceSystem-blocking-namespace-operation-dispatcher-12] INFO com.firebase.core.stats.EventAuditLog - {"eventId":"eDaPkncyLU9zlbysjINbYwMQLpA=","namespace":"genbay-116d4-default-rtdb","projectNumber":"123456789","eventType":"providers/google.firebase.database/eventTypes/ref.create","flowName":"projects/genbay-116d4/topics/us-central1-friendRequestAccepted-0","resource":"projects/_/instances/genbay-116d4-default-rtdb/refs/friends/Fnwh5s7hiCWL05lT2zPbgOdZ9VG3/acceptedList/2","evaluationTimestamp":"2023-05-06T11:37:53.753Z","stage":"TRIGGERED"}
17:07:53.906 [NamespaceSystem-blocking-namespace-operation-dispatcher-12] INFO com.firebase.core.stats.EventAuditLog - {"eventId":"xBhbgyZN3WA0a3KwvXh3zmltgkw=","namespace":"genbay-116d4-default-rtdb","projectNumber":"123456789","eventType":"providers/google.firebase.database/eventTypes/ref.create","flowName":"projects/genbay-116d4/topics/us-central1-friendRequestAccepted-0","resource":"projects/_/instances/genbay-116d4-default-rtdb/refs/friends/Fnwh5s7hiCWL05lT2zPbgOdZ9VG3/acceptedList/3","evaluationTimestamp":"2023-05-06T11:37:53.753Z","stage":"TRIGGERED"}
17:07:53.906 [NamespaceSystem-blocking-namespace-operation-dispatcher-12] INFO com.firebase.core.stats.EventAuditLog - {"eventId":"GvLVvLyklEd5KEu8VRMSKQ7QlA4=","namespace":"genbay-116d4-default-rtdb","projectNumber":"123456789","eventType":"providers/google.firebase.database/eventTypes/ref.create","flowName":"projects/genbay-116d4/topics/us-central1-friendRequestAccepted-0","resource":"projects/_/instances/genbay-116d4-default-rtdb/refs/friends/Fnwh5s7hiCWL05lT2zPbgOdZ9VG3/acceptedList/4","evaluationTimestamp":"2023-05-06T11:37:53.753Z","stage":"TRIGGERED"}
17:07:53.906 [NamespaceSystem-blocking-namespace-operation-dispatcher-12] INFO com.firebase.core.stats.EventAuditLog - {"eventId":"5omJc4BQC5eFY320ZYvtHFUjz1A=","namespace":"genbay-116d4-default-rtdb","projectNumber":"123456789","eventType":"providers/google.firebase.database/eventTypes/ref.create","flowName":"projects/genbay-116d4/topics/us-central1-friendRequestAccepted-0","resource":"projects/_/instances/genbay-116d4-default-rtdb/refs/friends/Fnwh5s7hiCWL05lT2zPbgOdZ9VG3/acceptedList/5","evaluationTimestamp":"2023-05-06T11:37:53.753Z","stage":"TRIGGERED"}
17:07:53.906 [NamespaceSystem-blocking-namespace-operation-dispatcher-12] INFO com.firebase.core.stats.EventAuditLog - {"eventId":"dLaMnggGj7ga4zbsq5Pb7SkklmE=","namespace":"genbay-116d4-default-rtdb","projectNumber":"123456789","eventType":"providers/google.firebase.database/eventTypes/ref.create","flowName":"projects/genbay-116d4/topics/us-central1-friendRequestAccepted-0","resource":"projects/_/instances/genbay-116d4-default-rtdb/refs/friends/Fnwh5s7hiCWL05lT2zPbgOdZ9VG3/acceptedList/6","evaluationTimestamp":"2023-05-06T11:37:53.753Z","stage":"TRIGGERED"}
17:07:53.906 [NamespaceSystem-blocking-namespace-operation-dispatcher-12] INFO com.firebase.core.stats.EventAuditLog - {"eventId":"wAruUFukeIzGW11+QesO3Vvv63I=","namespace":"genbay-116d4-default-rtdb","projectNumber":"123456789","eventType":"providers/google.firebase.database/eventTypes/ref.create","flowName":"projects/genbay-116d4/topics/us-central1-friendRequestAccepted-0","resource":"projects/_/instances/genbay-116d4-default-rtdb/refs/friends/Fnwh5s7hiCWL05lT2zPbgOdZ9VG3/acceptedList/7","evaluationTimestamp":"2023-05-06T11:37:53.753Z","stage":"TRIGGERED"}
17:07:53.906 [NamespaceSystem-blocking-namespace-operation-dispatcher-12] INFO com.firebase.core.stats.EventAuditLog - {"eventId":"cbZl+NGQGmG1MjINGh7IqF18bC0=","namespace":"genbay-116d4-default-rtdb","projectNumber":"123456789","eventType":"providers/google.firebase.database/eventTypes/ref.create","flowName":"projects/genbay-116d4/topics/us-central1-friendRequestAccepted-0","resource":"projects/_/instances/genbay-116d4-default-rtdb/refs/friends/KqXuL9cyHyTqKzCkJK1logNYWVQ2/acceptedList/0","evaluationTimestamp":"2023-05-06T11:37:53.753Z","stage":"TRIGGERED"}
17:07:53.907 [NamespaceSystem-blocking-namespace-operation-dispatcher-12] INFO com.firebase.core.stats.EventAuditLog - {"eventId":"cay3yQgpbbfhSRBz8PxqUHMXXgY=","namespace":"genbay-116d4-default-rtdb","projectNumber":"123456789","eventType":"providers/google.firebase.database/eventTypes/ref.create","flowName":"projects/genbay-116d4/topics/us-central1-friendRequestAccepted-0","resource":"projects/_/instances/genbay-116d4-default-rtdb/refs/friends/KqXuL9cyHyTqKzCkJK1logNYWVQ2/acceptedList/1","evaluationTimestamp":"2023-05-06T11:37:53.753Z","stage":"TRIGGERED"}
17:07:53.907 [NamespaceSystem-blocking-namespace-operation-dispatcher-12] INFO com.firebase.core.stats.EventAuditLog - {"eventId":"poh1HJA6xTzdNZIWXx3ergX0FMk=","namespace":"genbay-116d4-default-rtdb","projectNumber":"123456789","eventType":"providers/google.firebase.database/eventTypes/ref.create","flowName":"projects/genbay-116d4/topics/us-central1-friendRequestAccepted-0","resource":"projects/_/instances/genbay-116d4-default-rtdb/refs/friends/KqXuL9cyHyTqKzCkJK1logNYWVQ2/acceptedList/2","evaluationTimestamp":"2023-05-06T11:37:53.753Z","stage":"TRIGGERED"}
17:07:53.907 [NamespaceSystem-blocking-namespace-operation-dispatcher-12] INFO com.firebase.core.stats.EventAuditLog - {"eventId":"PK5QrvbJBBe5bkkdWowIO3nFCjw=","namespace":"genbay-116d4-default-rtdb","projectNumber":"123456789","eventType":"providers/google.firebase.database/eventTypes/ref.create","flowName":"projects/genbay-116d4/topics/us-central1-friendRequestAccepted-0","resource":"projects/_/instances/genbay-116d4-default-rtdb/refs/friends/MOr5zw9j1fNsT6O3ElYAbyQeNe83/acceptedList/0","evaluationTimestamp":"2023-05-06T11:37:53.753Z","stage":"TRIGGERED"}
17:07:53.907 [NamespaceSystem-blocking-namespace-operation-dispatcher-12] INFO com.firebase.core.stats.EventAuditLog - {"eventId":"iA4Bct3o056UjPyY7Wx6XS+f3a0=","namespace":"genbay-116d4-default-rtdb","projectNumber":"123456789","eventType":"providers/google.firebase.database/eventTypes/ref.create","flowName":"projects/genbay-116d4/topics/us-central1-friendRequestAccepted-0","resource":"projects/_/instances/genbay-116d4-default-rtdb/refs/friends/MnPAjTUUskZW6nPkQH4uOmRIdSA2/acceptedList/0","evaluationTimestamp":"2023-05-06T11:37:53.753Z","stage":"TRIGGERED"}
17:07:53.907 [NamespaceSystem-blocking-namespace-operation-dispatcher-12] INFO com.firebase.core.stats.EventAuditLog - {"eventId":"I1vIJXNE4HkHRfuGhJ84YtN0bV8=","namespace":"genbay-116d4-default-rtdb","projectNumber":"123456789","eventType":"providers/google.firebase.database/eventTypes/ref.create","flowName":"projects/genbay-116d4/topics/us-central1-friendRequestAccepted-0","resource":"projects/_/instances/genbay-116d4-default-rtdb/refs/friends/cBaCq1a0AZUB8wxgOPAHYr78pCp2/acceptedList/0","evaluationTimestamp":"2023-05-06T11:37:53.753Z","stage":"TRIGGERED"}
17:07:53.907 [NamespaceSystem-blocking-namespace-operation-dispatcher-12] INFO com.firebase.core.stats.EventAuditLog - {"eventId":"5MHW/lvIxWfUXtiibA2t32k6+RE=","namespace":"genbay-116d4-default-rtdb","projectNumber":"123456789","eventType":"providers/google.firebase.database/eventTypes/ref.create","flowName":"projects/genbay-116d4/topics/us-central1-friendRequestAccepted-0","resource":"projects/_/instances/genbay-116d4-default-rtdb/refs/friends/f1Cm3TRBxdPUZ5j0zmrZUWLY2Fk1/acceptedList/0","evaluationTimestamp":"2023-05-06T11:37:53.753Z","stage":"TRIGGERED"}
17:07:53.907 [NamespaceSystem-blocking-namespace-operation-dispatcher-12] INFO com.firebase.core.stats.EventAuditLog - {"eventId":"3KaLA6pFS15v6LNwYyYs+xEkPAY=","namespace":"genbay-116d4-default-rtdb","projectNumber":"123456789","eventType":"providers/google.firebase.database/eventTypes/ref.create","flowName":"projects/genbay-116d4/topics/us-central1-friendRequestAccepted-0","resource":"projects/_/instances/genbay-116d4-default-rtdb/refs/friends/qIJywIt7X2WKVNWKXN7j6dsogi73/acceptedList/0","evaluationTimestamp":"2023-05-06T11:37:53.753Z","stage":"TRIGGERED"}
17:07:53.908 [NamespaceSystem-blocking-namespace-operation-dispatcher-12] INFO com.firebase.core.stats.EventAuditLog - {"eventId":"pv4/btLvfJW6nHSRjjKWQ3SvKxU=","namespace":"genbay-116d4-default-rtdb","projectNumber":"123456789","eventType":"providers/google.firebase.database/eventTypes/ref.create","flowName":"projects/genbay-116d4/topics/us-central1-friendRequestAccepted-0","resource":"projects/_/instances/genbay-116d4-default-rtdb/refs/friends/uAcDHUBUr6Yg6H71jSPrR03yO132/acceptedList/0","evaluationTimestamp":"2023-05-06T11:37:53.753Z","stage":"TRIGGERED"}
17:07:53.908 [NamespaceSystem-blocking-namespace-operation-dispatcher-12] INFO com.firebase.core.stats.EventAuditLog - {"eventId":"AMCTkBCzm7Y/lBFWHINHZQEjxK8=","namespace":"genbay-116d4-default-rtdb","projectNumber":"123456789","eventType":"providers/google.firebase.database/eventTypes/ref.create","flowName":"projects/genbay-116d4/topics/us-central1-friendRequestAccepted-0","resource":"projects/_/instances/genbay-116d4-default-rtdb/refs/friends/uAcDHUBUr6Yg6H71jSPrR03yO132/acceptedList/1","evaluationTimestamp":"2023-05-06T11:37:53.753Z","stage":"TRIGGERED"}
17:08:04.014 [TriggersWorkerPool-3-1] ERROR com.firebase.server.client.GCFEmulatorPublisher - genbay-116d4-default-rtdb failed to publish trigger to functions emulator with exception
com.firebase.server.router.IdleTimeoutException: null
	at com.firebase.server.router.IdleStateDetectionHandler$.<init>(IdleStateDetectionHandler.scala:13)
	at com.firebase.server.router.IdleStateDetectionHandler$.<clinit>(IdleStateDetectionHandler.scala)
	at com.firebase.server.router.ServerChannelInitializer.$anonfun$initChannel$1(ServerChannelInitializer.scala:99)
	at com.firebase.server.router.ServerChannelInitializer$.withGroup(ServerChannelInitializer.scala:65)
	at com.firebase.server.router.ServerChannelInitializer.initChannel(ServerChannelInitializer.scala:96)
	at io.netty.channel.ChannelInitializer.initChannel(ChannelInitializer.java:113)
	at io.netty.channel.ChannelInitializer.handlerAdded(ChannelInitializer.java:105)
	at io.netty.channel.DefaultChannelPipeline.callHandlerAdded0(DefaultChannelPipeline.java:590)
	at io.netty.channel.DefaultChannelPipeline.access$000(DefaultChannelPipeline.java:44)
	at io.netty.channel.DefaultChannelPipeline$PendingHandlerAddedTask.execute(DefaultChannelPipeline.java:1355)
	at io.netty.channel.DefaultChannelPipeline.callHandlerAddedForAllHandlers(DefaultChannelPipeline.java:1090)
	at io.netty.channel.DefaultChannelPipeline.invokeHandlerAddedIfNeeded(DefaultChannelPipeline.java:640)
	at io.netty.channel.AbstractChannel$AbstractUnsafe.register0(AbstractChannel.java:452)
	at io.netty.channel.AbstractChannel$AbstractUnsafe.access$200(AbstractChannel.java:374)
	at io.netty.channel.AbstractChannel$AbstractUnsafe$1.run(AbstractChannel.java:424)
	at io.netty.util.concurrent.SingleThreadEventExecutor.runAllTasks(SingleThreadEventExecutor.java:399)
	at io.netty.channel.nio.NioEventLoop.run(NioEventLoop.java:464)
	at io.netty.util.concurrent.SingleThreadEventExecutor$2.run(SingleThreadEventExecutor.java:131)
	at io.netty.util.concurrent.DefaultThreadFactory$DefaultRunnableDecorator.run(DefaultThreadFactory.java:138)
	at java.base/java.lang.Thread.run(Thread.java:1623)
17:08:04.016 [TriggersWorkerPool-3-2] ERROR com.firebase.server.client.GCFEmulatorPublisher - genbay-116d4-default-rtdb failed to publish trigger to functions emulator with exception
com.firebase.server.router.IdleTimeoutException: null
	at com.firebase.server.router.IdleStateDetectionHandler$.<init>(IdleStateDetectionHandler.scala:13)
	at com.firebase.server.router.IdleStateDetectionHandler$.<clinit>(IdleStateDetectionHandler.scala)
	at com.firebase.server.router.ServerChannelInitializer.$anonfun$initChannel$1(ServerChannelInitializer.scala:99)
	at com.firebase.server.router.ServerChannelInitializer$.withGroup(ServerChannelInitializer.scala:65)
	at com.firebase.server.router.ServerChannelInitializer.initChannel(ServerChannelInitializer.scala:96)
	at io.netty.channel.ChannelInitializer.initChannel(ChannelInitializer.java:113)
	at io.netty.channel.ChannelInitializer.handlerAdded(ChannelInitializer.java:105)
	at io.netty.channel.DefaultChannelPipeline.callHandlerAdded0(DefaultChannelPipeline.java:590)
	at io.netty.channel.DefaultChannelPipeline.access$000(DefaultChannelPipeline.java:44)
	at io.netty.channel.DefaultChannelPipeline$PendingHandlerAddedTask.execute(DefaultChannelPipeline.java:1355)
	at io.netty.channel.DefaultChannelPipeline.callHandlerAddedForAllHandlers(DefaultChannelPipeline.java:1090)
	at io.netty.channel.DefaultChannelPipeline.invokeHandlerAddedIfNeeded(DefaultChannelPipeline.java:640)
	at io.netty.channel.AbstractChannel$AbstractUnsafe.register0(AbstractChannel.java:452)
	at io.netty.channel.AbstractChannel$AbstractUnsafe.access$200(AbstractChannel.java:374)
	at io.netty.channel.AbstractChannel$AbstractUnsafe$1.run(AbstractChannel.java:424)
	at io.netty.util.concurrent.SingleThreadEventExecutor.runAllTasks(SingleThreadEventExecutor.java:399)
	at io.netty.channel.nio.NioEventLoop.run(NioEventLoop.java:464)
	at io.netty.util.concurrent.SingleThreadEventExecutor$2.run(SingleThreadEventExecutor.java:131)
	at io.netty.util.concurrent.DefaultThreadFactory$DefaultRunnableDecorator.run(DefaultThreadFactory.java:138)
	at java.base/java.lang.Thread.run(Thread.java:1623)
17:08:04.016 [TriggersWorkerPool-3-1] ERROR com.firebase.server.client.GCFEmulatorPublisher - genbay-116d4-default-rtdb failed to publish trigger to functions emulator with exception
com.firebase.server.router.IdleTimeoutException: null
	at com.firebase.server.router.IdleStateDetectionHandler$.<init>(IdleStateDetectionHandler.scala:13)
	at com.firebase.server.router.IdleStateDetectionHandler$.<clinit>(IdleStateDetectionHandler.scala)
	at com.firebase.server.router.ServerChannelInitializer.$anonfun$initChannel$1(ServerChannelInitializer.scala:99)
	at com.firebase.server.router.ServerChannelInitializer$.withGroup(ServerChannelInitializer.scala:65)
	at com.firebase.server.router.ServerChannelInitializer.initChannel(ServerChannelInitializer.scala:96)
	at io.netty.channel.ChannelInitializer.initChannel(ChannelInitializer.java:113)
	at io.netty.channel.ChannelInitializer.handlerAdded(ChannelInitializer.java:105)
	at io.netty.channel.DefaultChannelPipeline.callHandlerAdded0(DefaultChannelPipeline.java:590)
	at io.netty.channel.DefaultChannelPipeline.access$000(DefaultChannelPipeline.java:44)
	at io.netty.channel.DefaultChannelPipeline$PendingHandlerAddedTask.execute(DefaultChannelPipeline.java:1355)
	at io.netty.channel.DefaultChannelPipeline.callHandlerAddedForAllHandlers(DefaultChannelPipeline.java:1090)
	at io.netty.channel.DefaultChannelPipeline.invokeHandlerAddedIfNeeded(DefaultChannelPipeline.java:640)
	at io.netty.channel.AbstractChannel$AbstractUnsafe.register0(AbstractChannel.java:452)
	at io.netty.channel.AbstractChannel$AbstractUnsafe.access$200(AbstractChannel.java:374)
	at io.netty.channel.AbstractChannel$AbstractUnsafe$1.run(AbstractChannel.java:424)
	at io.netty.util.concurrent.SingleThreadEventExecutor.runAllTasks(SingleThreadEventExecutor.java:399)
	at io.netty.channel.nio.NioEventLoop.run(NioEventLoop.java:464)
	at io.netty.util.concurrent.SingleThreadEventExecutor$2.run(SingleThreadEventExecutor.java:131)
	at io.netty.util.concurrent.DefaultThreadFactory$DefaultRunnableDecorator.run(DefaultThreadFactory.java:138)
	at java.base/java.lang.Thread.run(Thread.java:1623)
17:08:04.017 [TriggersWorkerPool-3-1] ERROR com.firebase.server.client.GCFEmulatorPublisher - genbay-116d4-default-rtdb failed to publish trigger to functions emulator with exception
com.firebase.server.router.IdleTimeoutException: null
	at com.firebase.server.router.IdleStateDetectionHandler$.<init>(IdleStateDetectionHandler.scala:13)
	at com.firebase.server.router.IdleStateDetectionHandler$.<clinit>(IdleStateDetectionHandler.scala)
	at com.firebase.server.router.ServerChannelInitializer.$anonfun$initChannel$1(ServerChannelInitializer.scala:99)
	at com.firebase.server.router.ServerChannelInitializer$.withGroup(ServerChannelInitializer.scala:65)
	at com.firebase.server.router.ServerChannelInitializer.initChannel(ServerChannelInitializer.scala:96)
	at io.netty.channel.ChannelInitializer.initChannel(ChannelInitializer.java:113)
	at io.netty.channel.ChannelInitializer.handlerAdded(ChannelInitializer.java:105)
	at io.netty.channel.DefaultChannelPipeline.callHandlerAdded0(DefaultChannelPipeline.java:590)
	at io.netty.channel.DefaultChannelPipeline.access$000(DefaultChannelPipeline.java:44)
	at io.netty.channel.DefaultChannelPipeline$PendingHandlerAddedTask.execute(DefaultChannelPipeline.java:1355)
	at io.netty.channel.DefaultChannelPipeline.callHandlerAddedForAllHandlers(DefaultChannelPipeline.java:1090)
	at io.netty.channel.DefaultChannelPipeline.invokeHandlerAddedIfNeeded(DefaultChannelPipeline.java:640)
	at io.netty.channel.AbstractChannel$AbstractUnsafe.register0(AbstractChannel.java:452)
	at io.netty.channel.AbstractChannel$AbstractUnsafe.access$200(AbstractChannel.java:374)
	at io.netty.channel.AbstractChannel$AbstractUnsafe$1.run(AbstractChannel.java:424)
	at io.netty.util.concurrent.SingleThreadEventExecutor.runAllTasks(SingleThreadEventExecutor.java:399)
	at io.netty.channel.nio.NioEventLoop.run(NioEventLoop.java:464)
	at io.netty.util.concurrent.SingleThreadEventExecutor$2.run(SingleThreadEventExecutor.java:131)
	at io.netty.util.concurrent.DefaultThreadFactory$DefaultRunnableDecorator.run(DefaultThreadFactory.java:138)
	at java.base/java.lang.Thread.run(Thread.java:1623)
17:08:04.017 [TriggersWorkerPool-3-2] ERROR com.firebase.server.client.GCFEmulatorPublisher - genbay-116d4-default-rtdb failed to publish trigger to functions emulator with exception
com.firebase.server.router.IdleTimeoutException: null
	at com.firebase.server.router.IdleStateDetectionHandler$.<init>(IdleStateDetectionHandler.scala:13)
	at com.firebase.server.router.IdleStateDetectionHandler$.<clinit>(IdleStateDetectionHandler.scala)
	at com.firebase.server.router.ServerChannelInitializer.$anonfun$initChannel$1(ServerChannelInitializer.scala:99)
	at com.firebase.server.router.ServerChannelInitializer$.withGroup(ServerChannelInitializer.scala:65)
	at com.firebase.server.router.ServerChannelInitializer.initChannel(ServerChannelInitializer.scala:96)
	at io.netty.channel.ChannelInitializer.initChannel(ChannelInitializer.java:113)
	at io.netty.channel.ChannelInitializer.handlerAdded(ChannelInitializer.java:105)
	at io.netty.channel.DefaultChannelPipeline.callHandlerAdded0(DefaultChannelPipeline.java:590)
	at io.netty.channel.DefaultChannelPipeline.access$000(DefaultChannelPipeline.java:44)
	at io.netty.channel.DefaultChannelPipeline$PendingHandlerAddedTask.execute(DefaultChannelPipeline.java:1355)
	at io.netty.channel.DefaultChannelPipeline.callHandlerAddedForAllHandlers(DefaultChannelPipeline.java:1090)
	at io.netty.channel.DefaultChannelPipeline.invokeHandlerAddedIfNeeded(DefaultChannelPipeline.java:640)
	at io.netty.channel.AbstractChannel$AbstractUnsafe.register0(AbstractChannel.java:452)
	at io.netty.channel.AbstractChannel$AbstractUnsafe.access$200(AbstractChannel.java:374)
	at io.netty.channel.AbstractChannel$AbstractUnsafe$1.run(AbstractChannel.java:424)
	at io.netty.util.concurrent.SingleThreadEventExecutor.runAllTasks(SingleThreadEventExecutor.java:399)
	at io.netty.channel.nio.NioEventLoop.run(NioEventLoop.java:464)
	at io.netty.util.concurrent.SingleThreadEventExecutor$2.run(SingleThreadEventExecutor.java:131)
	at io.netty.util.concurrent.DefaultThreadFactory$DefaultRunnableDecorator.run(DefaultThreadFactory.java:138)
	at java.base/java.lang.Thread.run(Thread.java:1623)
17:08:04.340 [TriggersWorkerPool-3-2] ERROR com.firebase.server.client.GCFEmulatorPublisher - genbay-116d4-default-rtdb failed to publish trigger to functions emulator with exception
com.firebase.server.router.IdleTimeoutException: null
	at com.firebase.server.router.IdleStateDetectionHandler$.<init>(IdleStateDetectionHandler.scala:13)
	at com.firebase.server.router.IdleStateDetectionHandler$.<clinit>(IdleStateDetectionHandler.scala)
	at com.firebase.server.router.ServerChannelInitializer.$anonfun$initChannel$1(ServerChannelInitializer.scala:99)
	at com.firebase.server.router.ServerChannelInitializer$.withGroup(ServerChannelInitializer.scala:65)
	at com.firebase.server.router.ServerChannelInitializer.initChannel(ServerChannelInitializer.scala:96)
	at io.netty.channel.ChannelInitializer.initChannel(ChannelInitializer.java:113)
	at io.netty.channel.ChannelInitializer.handlerAdded(ChannelInitializer.java:105)
	at io.netty.channel.DefaultChannelPipeline.callHandlerAdded0(DefaultChannelPipeline.java:590)
	at io.netty.channel.DefaultChannelPipeline.access$000(DefaultChannelPipeline.java:44)
	at io.netty.channel.DefaultChannelPipeline$PendingHandlerAddedTask.execute(DefaultChannelPipeline.java:1355)
	at io.netty.channel.DefaultChannelPipeline.callHandlerAddedForAllHandlers(DefaultChannelPipeline.java:1090)
	at io.netty.channel.DefaultChannelPipeline.invokeHandlerAddedIfNeeded(DefaultChannelPipeline.java:640)
	at io.netty.channel.AbstractChannel$AbstractUnsafe.register0(AbstractChannel.java:452)
	at io.netty.channel.AbstractChannel$AbstractUnsafe.access$200(AbstractChannel.java:374)
	at io.netty.channel.AbstractChannel$AbstractUnsafe$1.run(AbstractChannel.java:424)
	at io.netty.util.concurrent.SingleThreadEventExecutor.runAllTasks(SingleThreadEventExecutor.java:399)
	at io.netty.channel.nio.NioEventLoop.run(NioEventLoop.java:464)
	at io.netty.util.concurrent.SingleThreadEventExecutor$2.run(SingleThreadEventExecutor.java:131)
	at io.netty.util.concurrent.DefaultThreadFactory$DefaultRunnableDecorator.run(DefaultThreadFactory.java:138)
	at java.base/java.lang.Thread.run(Thread.java:1623)
17:08:04.341 [TriggersWorkerPool-3-2] ERROR com.firebase.server.client.GCFEmulatorPublisher - genbay-116d4-default-rtdb failed to publish trigger to functions emulator with exception
com.firebase.server.router.IdleTimeoutException: null
	at com.firebase.server.router.IdleStateDetectionHandler$.<init>(IdleStateDetectionHandler.scala:13)
	at com.firebase.server.router.IdleStateDetectionHandler$.<clinit>(IdleStateDetectionHandler.scala)
	at com.firebase.server.router.ServerChannelInitializer.$anonfun$initChannel$1(ServerChannelInitializer.scala:99)
	at com.firebase.server.router.ServerChannelInitializer$.withGroup(ServerChannelInitializer.scala:65)
	at com.firebase.server.router.ServerChannelInitializer.initChannel(ServerChannelInitializer.scala:96)
	at io.netty.channel.ChannelInitializer.initChannel(ChannelInitializer.java:113)
	at io.netty.channel.ChannelInitializer.handlerAdded(ChannelInitializer.java:105)
	at io.netty.channel.DefaultChannelPipeline.callHandlerAdded0(DefaultChannelPipeline.java:590)
	at io.netty.channel.DefaultChannelPipeline.access$000(DefaultChannelPipeline.java:44)
	at io.netty.channel.DefaultChannelPipeline$PendingHandlerAddedTask.execute(DefaultChannelPipeline.java:1355)
	at io.netty.channel.DefaultChannelPipeline.callHandlerAddedForAllHandlers(DefaultChannelPipeline.java:1090)
	at io.netty.channel.DefaultChannelPipeline.invokeHandlerAddedIfNeeded(DefaultChannelPipeline.java:640)
	at io.netty.channel.AbstractChannel$AbstractUnsafe.register0(AbstractChannel.java:452)
	at io.netty.channel.AbstractChannel$AbstractUnsafe.access$200(AbstractChannel.java:374)
	at io.netty.channel.AbstractChannel$AbstractUnsafe$1.run(AbstractChannel.java:424)
	at io.netty.util.concurrent.SingleThreadEventExecutor.runAllTasks(SingleThreadEventExecutor.java:399)
	at io.netty.channel.nio.NioEventLoop.run(NioEventLoop.java:464)
	at io.netty.util.concurrent.SingleThreadEventExecutor$2.run(SingleThreadEventExecutor.java:131)
	at io.netty.util.concurrent.DefaultThreadFactory$DefaultRunnableDecorator.run(DefaultThreadFactory.java:138)
	at java.base/java.lang.Thread.run(Thread.java:1623)
17:08:04.348 [TriggersWorkerPool-3-1] ERROR com.firebase.server.client.GCFEmulatorPublisher - genbay-116d4-default-rtdb failed to publish trigger to functions emulator with exception
com.firebase.server.router.IdleTimeoutException: null
	at com.firebase.server.router.IdleStateDetectionHandler$.<init>(IdleStateDetectionHandler.scala:13)
	at com.firebase.server.router.IdleStateDetectionHandler$.<clinit>(IdleStateDetectionHandler.scala)
	at com.firebase.server.router.ServerChannelInitializer.$anonfun$initChannel$1(ServerChannelInitializer.scala:99)
	at com.firebase.server.router.ServerChannelInitializer$.withGroup(ServerChannelInitializer.scala:65)
	at com.firebase.server.router.ServerChannelInitializer.initChannel(ServerChannelInitializer.scala:96)
	at io.netty.channel.ChannelInitializer.initChannel(ChannelInitializer.java:113)
	at io.netty.channel.ChannelInitializer.handlerAdded(ChannelInitializer.java:105)
	at io.netty.channel.DefaultChannelPipeline.callHandlerAdded0(DefaultChannelPipeline.java:590)
	at io.netty.channel.DefaultChannelPipeline.access$000(DefaultChannelPipeline.java:44)
	at io.netty.channel.DefaultChannelPipeline$PendingHandlerAddedTask.execute(DefaultChannelPipeline.java:1355)
	at io.netty.channel.DefaultChannelPipeline.callHandlerAddedForAllHandlers(DefaultChannelPipeline.java:1090)
	at io.netty.channel.DefaultChannelPipeline.invokeHandlerAddedIfNeeded(DefaultChannelPipeline.java:640)
	at io.netty.channel.AbstractChannel$AbstractUnsafe.register0(AbstractChannel.java:452)
	at io.netty.channel.AbstractChannel$AbstractUnsafe.access$200(AbstractChannel.java:374)
	at io.netty.channel.AbstractChannel$AbstractUnsafe$1.run(AbstractChannel.java:424)
	at io.netty.util.concurrent.SingleThreadEventExecutor.runAllTasks(SingleThreadEventExecutor.java:399)
	at io.netty.channel.nio.NioEventLoop.run(NioEventLoop.java:464)
	at io.netty.util.concurrent.SingleThreadEventExecutor$2.run(SingleThreadEventExecutor.java:131)
	at io.netty.util.concurrent.DefaultThreadFactory$DefaultRunnableDecorator.run(DefaultThreadFactory.java:138)
	at java.base/java.lang.Thread.run(Thread.java:1623)
17:08:04.760 [TriggersWorkerPool-3-1] ERROR com.firebase.server.client.GCFEmulatorPublisher - genbay-116d4-default-rtdb failed to publish trigger to functions emulator with exception
com.firebase.server.router.IdleTimeoutException: null
	at com.firebase.server.router.IdleStateDetectionHandler$.<init>(IdleStateDetectionHandler.scala:13)
	at com.firebase.server.router.IdleStateDetectionHandler$.<clinit>(IdleStateDetectionHandler.scala)
	at com.firebase.server.router.ServerChannelInitializer.$anonfun$initChannel$1(ServerChannelInitializer.scala:99)
	at com.firebase.server.router.ServerChannelInitializer$.withGroup(ServerChannelInitializer.scala:65)
	at com.firebase.server.router.ServerChannelInitializer.initChannel(ServerChannelInitializer.scala:96)
	at io.netty.channel.ChannelInitializer.initChannel(ChannelInitializer.java:113)
	at io.netty.channel.ChannelInitializer.handlerAdded(ChannelInitializer.java:105)
	at io.netty.channel.DefaultChannelPipeline.callHandlerAdded0(DefaultChannelPipeline.java:590)
	at io.netty.channel.DefaultChannelPipeline.access$000(DefaultChannelPipeline.java:44)
	at io.netty.channel.DefaultChannelPipeline$PendingHandlerAddedTask.execute(DefaultChannelPipeline.java:1355)
	at io.netty.channel.DefaultChannelPipeline.callHandlerAddedForAllHandlers(DefaultChannelPipeline.java:1090)
	at io.netty.channel.DefaultChannelPipeline.invokeHandlerAddedIfNeeded(DefaultChannelPipeline.java:640)
	at io.netty.channel.AbstractChannel$AbstractUnsafe.register0(AbstractChannel.java:452)
	at io.netty.channel.AbstractChannel$AbstractUnsafe.access$200(AbstractChannel.java:374)
	at io.netty.channel.AbstractChannel$AbstractUnsafe$1.run(AbstractChannel.java:424)
	at io.netty.util.concurrent.SingleThreadEventExecutor.runAllTasks(SingleThreadEventExecutor.java:399)
	at io.netty.channel.nio.NioEventLoop.run(NioEventLoop.java:464)
	at io.netty.util.concurrent.SingleThreadEventExecutor$2.run(SingleThreadEventExecutor.java:131)
	at io.netty.util.concurrent.DefaultThreadFactory$DefaultRunnableDecorator.run(DefaultThreadFactory.java:138)
	at java.base/java.lang.Thread.run(Thread.java:1623)
17:08:04.760 [TriggersWorkerPool-3-1] ERROR com.firebase.server.client.GCFEmulatorPublisher - genbay-116d4-default-rtdb failed to publish trigger to functions emulator with exception
com.firebase.server.router.IdleTimeoutException: null
	at com.firebase.server.router.IdleStateDetectionHandler$.<init>(IdleStateDetectionHandler.scala:13)
	at com.firebase.server.router.IdleStateDetectionHandler$.<clinit>(IdleStateDetectionHandler.scala)
	at com.firebase.server.router.ServerChannelInitializer.$anonfun$initChannel$1(ServerChannelInitializer.scala:99)
	at com.firebase.server.router.ServerChannelInitializer$.withGroup(ServerChannelInitializer.scala:65)
	at com.firebase.server.router.ServerChannelInitializer.initChannel(ServerChannelInitializer.scala:96)
	at io.netty.channel.ChannelInitializer.initChannel(ChannelInitializer.java:113)
	at io.netty.channel.ChannelInitializer.handlerAdded(ChannelInitializer.java:105)
	at io.netty.channel.DefaultChannelPipeline.callHandlerAdded0(DefaultChannelPipeline.java:590)
	at io.netty.channel.DefaultChannelPipeline.access$000(DefaultChannelPipeline.java:44)
	at io.netty.channel.DefaultChannelPipeline$PendingHandlerAddedTask.execute(DefaultChannelPipeline.java:1355)
	at io.netty.channel.DefaultChannelPipeline.callHandlerAddedForAllHandlers(DefaultChannelPipeline.java:1090)
	at io.netty.channel.DefaultChannelPipeline.invokeHandlerAddedIfNeeded(DefaultChannelPipeline.java:640)
	at io.netty.channel.AbstractChannel$AbstractUnsafe.register0(AbstractChannel.java:452)
	at io.netty.channel.AbstractChannel$AbstractUnsafe.access$200(AbstractChannel.java:374)
	at io.netty.channel.AbstractChannel$AbstractUnsafe$1.run(AbstractChannel.java:424)
	at io.netty.util.concurrent.SingleThreadEventExecutor.runAllTasks(SingleThreadEventExecutor.java:399)
	at io.netty.channel.nio.NioEventLoop.run(NioEventLoop.java:464)
	at io.netty.util.concurrent.SingleThreadEventExecutor$2.run(SingleThreadEventExecutor.java:131)
	at io.netty.util.concurrent.DefaultThreadFactory$DefaultRunnableDecorator.run(DefaultThreadFactory.java:138)
	at java.base/java.lang.Thread.run(Thread.java:1623)
17:08:04.761 [TriggersWorkerPool-3-2] ERROR com.firebase.server.client.GCFEmulatorPublisher - genbay-116d4-default-rtdb failed to publish trigger to functions emulator with exception
com.firebase.server.router.IdleTimeoutException: null
	at com.firebase.server.router.IdleStateDetectionHandler$.<init>(IdleStateDetectionHandler.scala:13)
	at com.firebase.server.router.IdleStateDetectionHandler$.<clinit>(IdleStateDetectionHandler.scala)
	at com.firebase.server.router.ServerChannelInitializer.$anonfun$initChannel$1(ServerChannelInitializer.scala:99)
	at com.firebase.server.router.ServerChannelInitializer$.withGroup(ServerChannelInitializer.scala:65)
	at com.firebase.server.router.ServerChannelInitializer.initChannel(ServerChannelInitializer.scala:96)
	at io.netty.channel.ChannelInitializer.initChannel(ChannelInitializer.java:113)
	at io.netty.channel.ChannelInitializer.handlerAdded(ChannelInitializer.java:105)
	at io.netty.channel.DefaultChannelPipeline.callHandlerAdded0(DefaultChannelPipeline.java:590)
	at io.netty.channel.DefaultChannelPipeline.access$000(DefaultChannelPipeline.java:44)
	at io.netty.channel.DefaultChannelPipeline$PendingHandlerAddedTask.execute(DefaultChannelPipeline.java:1355)
	at io.netty.channel.DefaultChannelPipeline.callHandlerAddedForAllHandlers(DefaultChannelPipeline.java:1090)
	at io.netty.channel.DefaultChannelPipeline.invokeHandlerAddedIfNeeded(DefaultChannelPipeline.java:640)
	at io.netty.channel.AbstractChannel$AbstractUnsafe.register0(AbstractChannel.java:452)
	at io.netty.channel.AbstractChannel$AbstractUnsafe.access$200(AbstractChannel.java:374)
	at io.netty.channel.AbstractChannel$AbstractUnsafe$1.run(AbstractChannel.java:424)
	at io.netty.util.concurrent.SingleThreadEventExecutor.runAllTasks(SingleThreadEventExecutor.java:399)
	at io.netty.channel.nio.NioEventLoop.run(NioEventLoop.java:464)
	at io.netty.util.concurrent.SingleThreadEventExecutor$2.run(SingleThreadEventExecutor.java:131)
	at io.netty.util.concurrent.DefaultThreadFactory$DefaultRunnableDecorator.run(DefaultThreadFactory.java:138)
	at java.base/java.lang.Thread.run(Thread.java:1623)
17:08:04.763 [TriggersWorkerPool-3-1] ERROR com.firebase.server.client.GCFEmulatorPublisher - genbay-116d4-default-rtdb failed to publish trigger to functions emulator with exception
com.firebase.server.router.IdleTimeoutException: null
	at com.firebase.server.router.IdleStateDetectionHandler$.<init>(IdleStateDetectionHandler.scala:13)
	at com.firebase.server.router.IdleStateDetectionHandler$.<clinit>(IdleStateDetectionHandler.scala)
	at com.firebase.server.router.ServerChannelInitializer.$anonfun$initChannel$1(ServerChannelInitializer.scala:99)
	at com.firebase.server.router.ServerChannelInitializer$.withGroup(ServerChannelInitializer.scala:65)
	at com.firebase.server.router.ServerChannelInitializer.initChannel(ServerChannelInitializer.scala:96)
	at io.netty.channel.ChannelInitializer.initChannel(ChannelInitializer.java:113)
	at io.netty.channel.ChannelInitializer.handlerAdded(ChannelInitializer.java:105)
	at io.netty.channel.DefaultChannelPipeline.callHandlerAdded0(DefaultChannelPipeline.java:590)
	at io.netty.channel.DefaultChannelPipeline.access$000(DefaultChannelPipeline.java:44)
	at io.netty.channel.DefaultChannelPipeline$PendingHandlerAddedTask.execute(DefaultChannelPipeline.java:1355)
	at io.netty.channel.DefaultChannelPipeline.callHandlerAddedForAllHandlers(DefaultChannelPipeline.java:1090)
	at io.netty.channel.DefaultChannelPipeline.invokeHandlerAddedIfNeeded(DefaultChannelPipeline.java:640)
	at io.netty.channel.AbstractChannel$AbstractUnsafe.register0(AbstractChannel.java:452)
	at io.netty.channel.AbstractChannel$AbstractUnsafe.access$200(AbstractChannel.java:374)
	at io.netty.channel.AbstractChannel$AbstractUnsafe$1.run(AbstractChannel.java:424)
	at io.netty.util.concurrent.SingleThreadEventExecutor.runAllTasks(SingleThreadEventExecutor.java:399)
	at io.netty.channel.nio.NioEventLoop.run(NioEventLoop.java:464)
	at io.netty.util.concurrent.SingleThreadEventExecutor$2.run(SingleThreadEventExecutor.java:131)
	at io.netty.util.concurrent.DefaultThreadFactory$DefaultRunnableDecorator.run(DefaultThreadFactory.java:138)
	at java.base/java.lang.Thread.run(Thread.java:1623)
17:08:04.763 [TriggersWorkerPool-3-2] ERROR com.firebase.server.client.GCFEmulatorPublisher - genbay-116d4-default-rtdb failed to publish trigger to functions emulator with exception
com.firebase.server.router.IdleTimeoutException: null
	at com.firebase.server.router.IdleStateDetectionHandler$.<init>(IdleStateDetectionHandler.scala:13)
	at com.firebase.server.router.IdleStateDetectionHandler$.<clinit>(IdleStateDetectionHandler.scala)
	at com.firebase.server.router.ServerChannelInitializer.$anonfun$initChannel$1(ServerChannelInitializer.scala:99)
	at com.firebase.server.router.ServerChannelInitializer$.withGroup(ServerChannelInitializer.scala:65)
	at com.firebase.server.router.ServerChannelInitializer.initChannel(ServerChannelInitializer.scala:96)
	at io.netty.channel.ChannelInitializer.initChannel(ChannelInitializer.java:113)
	at io.netty.channel.ChannelInitializer.handlerAdded(ChannelInitializer.java:105)
	at io.netty.channel.DefaultChannelPipeline.callHandlerAdded0(DefaultChannelPipeline.java:590)
	at io.netty.channel.DefaultChannelPipeline.access$000(DefaultChannelPipeline.java:44)
	at io.netty.channel.DefaultChannelPipeline$PendingHandlerAddedTask.execute(DefaultChannelPipeline.java:1355)
	at io.netty.channel.DefaultChannelPipeline.callHandlerAddedForAllHandlers(DefaultChannelPipeline.java:1090)
	at io.netty.channel.DefaultChannelPipeline.invokeHandlerAddedIfNeeded(DefaultChannelPipeline.java:640)
	at io.netty.channel.AbstractChannel$AbstractUnsafe.register0(AbstractChannel.java:452)
	at io.netty.channel.AbstractChannel$AbstractUnsafe.access$200(AbstractChannel.java:374)
	at io.netty.channel.AbstractChannel$AbstractUnsafe$1.run(AbstractChannel.java:424)
	at io.netty.util.concurrent.SingleThreadEventExecutor.runAllTasks(SingleThreadEventExecutor.java:399)
	at io.netty.channel.nio.NioEventLoop.run(NioEventLoop.java:464)
	at io.netty.util.concurrent.SingleThreadEventExecutor$2.run(SingleThreadEventExecutor.java:131)
	at io.netty.util.concurrent.DefaultThreadFactory$DefaultRunnableDecorator.run(DefaultThreadFactory.java:138)
	at java.base/java.lang.Thread.run(Thread.java:1623)
17:08:04.772 [TriggersWorkerPool-3-2] ERROR com.firebase.server.client.GCFEmulatorPublisher - genbay-116d4-default-rtdb failed to publish trigger to functions emulator with exception
com.firebase.server.router.IdleTimeoutException: null
	at com.firebase.server.router.IdleStateDetectionHandler$.<init>(IdleStateDetectionHandler.scala:13)
	at com.firebase.server.router.IdleStateDetectionHandler$.<clinit>(IdleStateDetectionHandler.scala)
	at com.firebase.server.router.ServerChannelInitializer.$anonfun$initChannel$1(ServerChannelInitializer.scala:99)
	at com.firebase.server.router.ServerChannelInitializer$.withGroup(ServerChannelInitializer.scala:65)
	at com.firebase.server.router.ServerChannelInitializer.initChannel(ServerChannelInitializer.scala:96)
	at io.netty.channel.ChannelInitializer.initChannel(ChannelInitializer.java:113)
	at io.netty.channel.ChannelInitializer.handlerAdded(ChannelInitializer.java:105)
	at io.netty.channel.DefaultChannelPipeline.callHandlerAdded0(DefaultChannelPipeline.java:590)
	at io.netty.channel.DefaultChannelPipeline.access$000(DefaultChannelPipeline.java:44)
	at io.netty.channel.DefaultChannelPipeline$PendingHandlerAddedTask.execute(DefaultChannelPipeline.java:1355)
	at io.netty.channel.DefaultChannelPipeline.callHandlerAddedForAllHandlers(DefaultChannelPipeline.java:1090)
	at io.netty.channel.DefaultChannelPipeline.invokeHandlerAddedIfNeeded(DefaultChannelPipeline.java:640)
	at io.netty.channel.AbstractChannel$AbstractUnsafe.register0(AbstractChannel.java:452)
	at io.netty.channel.AbstractChannel$AbstractUnsafe.access$200(AbstractChannel.java:374)
	at io.netty.channel.AbstractChannel$AbstractUnsafe$1.run(AbstractChannel.java:424)
	at io.netty.util.concurrent.SingleThreadEventExecutor.runAllTasks(SingleThreadEventExecutor.java:399)
	at io.netty.channel.nio.NioEventLoop.run(NioEventLoop.java:464)
	at io.netty.util.concurrent.SingleThreadEventExecutor$2.run(SingleThreadEventExecutor.java:131)
	at io.netty.util.concurrent.DefaultThreadFactory$DefaultRunnableDecorator.run(DefaultThreadFactory.java:138)
	at java.base/java.lang.Thread.run(Thread.java:1623)
17:08:04.772 [TriggersWorkerPool-3-2] ERROR com.firebase.server.client.GCFEmulatorPublisher - genbay-116d4-default-rtdb failed to publish trigger to functions emulator with exception
com.firebase.server.router.IdleTimeoutException: null
	at com.firebase.server.router.IdleStateDetectionHandler$.<init>(IdleStateDetectionHandler.scala:13)
	at com.firebase.server.router.IdleStateDetectionHandler$.<clinit>(IdleStateDetectionHandler.scala)
	at com.firebase.server.router.ServerChannelInitializer.$anonfun$initChannel$1(ServerChannelInitializer.scala:99)
	at com.firebase.server.router.ServerChannelInitializer$.withGroup(ServerChannelInitializer.scala:65)
	at com.firebase.server.router.ServerChannelInitializer.initChannel(ServerChannelInitializer.scala:96)
	at io.netty.channel.ChannelInitializer.initChannel(ChannelInitializer.java:113)
	at io.netty.channel.ChannelInitializer.handlerAdded(ChannelInitializer.java:105)
	at io.netty.channel.DefaultChannelPipeline.callHandlerAdded0(DefaultChannelPipeline.java:590)
	at io.netty.channel.DefaultChannelPipeline.access$000(DefaultChannelPipeline.java:44)
	at io.netty.channel.DefaultChannelPipeline$PendingHandlerAddedTask.execute(DefaultChannelPipeline.java:1355)
	at io.netty.channel.DefaultChannelPipeline.callHandlerAddedForAllHandlers(DefaultChannelPipeline.java:1090)
	at io.netty.channel.DefaultChannelPipeline.invokeHandlerAddedIfNeeded(DefaultChannelPipeline.java:640)
	at io.netty.channel.AbstractChannel$AbstractUnsafe.register0(AbstractChannel.java:452)
	at io.netty.channel.AbstractChannel$AbstractUnsafe.access$200(AbstractChannel.java:374)
	at io.netty.channel.AbstractChannel$AbstractUnsafe$1.run(AbstractChannel.java:424)
	at io.netty.util.concurrent.SingleThreadEventExecutor.runAllTasks(SingleThreadEventExecutor.java:399)
	at io.netty.channel.nio.NioEventLoop.run(NioEventLoop.java:464)
	at io.netty.util.concurrent.SingleThreadEventExecutor$2.run(SingleThreadEventExecutor.java:131)
	at io.netty.util.concurrent.DefaultThreadFactory$DefaultRunnableDecorator.run(DefaultThreadFactory.java:138)
	at java.base/java.lang.Thread.run(Thread.java:1623)
17:08:04.772 [TriggersWorkerPool-3-2] ERROR com.firebase.server.client.GCFEmulatorPublisher - genbay-116d4-default-rtdb failed to publish trigger to functions emulator with exception
com.firebase.server.router.IdleTimeoutException: null
	at com.firebase.server.router.IdleStateDetectionHandler$.<init>(IdleStateDetectionHandler.scala:13)
	at com.firebase.server.router.IdleStateDetectionHandler$.<clinit>(IdleStateDetectionHandler.scala)
	at com.firebase.server.router.ServerChannelInitializer.$anonfun$initChannel$1(ServerChannelInitializer.scala:99)
	at com.firebase.server.router.ServerChannelInitializer$.withGroup(ServerChannelInitializer.scala:65)
	at com.firebase.server.router.ServerChannelInitializer.initChannel(ServerChannelInitializer.scala:96)
	at io.netty.channel.ChannelInitializer.initChannel(ChannelInitializer.java:113)
	at io.netty.channel.ChannelInitializer.handlerAdded(ChannelInitializer.java:105)
	at io.netty.channel.DefaultChannelPipeline.callHandlerAdded0(DefaultChannelPipeline.java:590)
	at io.netty.channel.DefaultChannelPipeline.access$000(DefaultChannelPipeline.java:44)
	at io.netty.channel.DefaultChannelPipeline$PendingHandlerAddedTask.execute(DefaultChannelPipeline.java:1355)
	at io.netty.channel.DefaultChannelPipeline.callHandlerAddedForAllHandlers(DefaultChannelPipeline.java:1090)
	at io.netty.channel.DefaultChannelPipeline.invokeHandlerAddedIfNeeded(DefaultChannelPipeline.java:640)
	at io.netty.channel.AbstractChannel$AbstractUnsafe.register0(AbstractChannel.java:452)
	at io.netty.channel.AbstractChannel$AbstractUnsafe.access$200(AbstractChannel.java:374)
	at io.netty.channel.AbstractChannel$AbstractUnsafe$1.run(AbstractChannel.java:424)
	at io.netty.util.concurrent.SingleThreadEventExecutor.runAllTasks(SingleThreadEventExecutor.java:399)
	at io.netty.channel.nio.NioEventLoop.run(NioEventLoop.java:464)
	at io.netty.util.concurrent.SingleThreadEventExecutor$2.run(SingleThreadEventExecutor.java:131)
	at io.netty.util.concurrent.DefaultThreadFactory$DefaultRunnableDecorator.run(DefaultThreadFactory.java:138)
	at java.base/java.lang.Thread.run(Thread.java:1623)
17:08:04.763 [TriggersWorkerPool-3-1] ERROR com.firebase.server.client.GCFEmulatorPublisher - genbay-116d4-default-rtdb failed to publish trigger to functions emulator with exception
com.firebase.server.router.IdleTimeoutException: null
	at com.firebase.server.router.IdleStateDetectionHandler$.<init>(IdleStateDetectionHandler.scala:13)
	at com.firebase.server.router.IdleStateDetectionHandler$.<clinit>(IdleStateDetectionHandler.scala)
	at com.firebase.server.router.ServerChannelInitializer.$anonfun$initChannel$1(ServerChannelInitializer.scala:99)
	at com.firebase.server.router.ServerChannelInitializer$.withGroup(ServerChannelInitializer.scala:65)
	at com.firebase.server.router.ServerChannelInitializer.initChannel(ServerChannelInitializer.scala:96)
	at io.netty.channel.ChannelInitializer.initChannel(ChannelInitializer.java:113)
	at io.netty.channel.ChannelInitializer.handlerAdded(ChannelInitializer.java:105)
	at io.netty.channel.DefaultChannelPipeline.callHandlerAdded0(DefaultChannelPipeline.java:590)
	at io.netty.channel.DefaultChannelPipeline.access$000(DefaultChannelPipeline.java:44)
	at io.netty.channel.DefaultChannelPipeline$PendingHandlerAddedTask.execute(DefaultChannelPipeline.java:1355)
	at io.netty.channel.DefaultChannelPipeline.callHandlerAddedForAllHandlers(DefaultChannelPipeline.java:1090)
	at io.netty.channel.DefaultChannelPipeline.invokeHandlerAddedIfNeeded(DefaultChannelPipeline.java:640)
	at io.netty.channel.AbstractChannel$AbstractUnsafe.register0(AbstractChannel.java:452)
	at io.netty.channel.AbstractChannel$AbstractUnsafe.access$200(AbstractChannel.java:374)
	at io.netty.channel.AbstractChannel$AbstractUnsafe$1.run(AbstractChannel.java:424)
	at io.netty.util.concurrent.SingleThreadEventExecutor.runAllTasks(SingleThreadEventExecutor.java:399)
	at io.netty.channel.nio.NioEventLoop.run(NioEventLoop.java:464)
	at io.netty.util.concurrent.SingleThreadEventExecutor$2.run(SingleThreadEventExecutor.java:131)
	at io.netty.util.concurrent.DefaultThreadFactory$DefaultRunnableDecorator.run(DefaultThreadFactory.java:138)
	at java.base/java.lang.Thread.run(Thread.java:1623)
17:08:04.776 [TriggersWorkerPool-3-2] ERROR com.firebase.server.client.GCFEmulatorPublisher - genbay-116d4-default-rtdb failed to publish trigger to functions emulator with exception
com.firebase.server.router.IdleTimeoutException: null
	at com.firebase.server.router.IdleStateDetectionHandler$.<init>(IdleStateDetectionHandler.scala:13)
	at com.firebase.server.router.IdleStateDetectionHandler$.<clinit>(IdleStateDetectionHandler.scala)
	at com.firebase.server.router.ServerChannelInitializer.$anonfun$initChannel$1(ServerChannelInitializer.scala:99)
	at com.firebase.server.router.ServerChannelInitializer$.withGroup(ServerChannelInitializer.scala:65)
	at com.firebase.server.router.ServerChannelInitializer.initChannel(ServerChannelInitializer.scala:96)
	at io.netty.channel.ChannelInitializer.initChannel(ChannelInitializer.java:113)
	at io.netty.channel.ChannelInitializer.handlerAdded(ChannelInitializer.java:105)
	at io.netty.channel.DefaultChannelPipeline.callHandlerAdded0(DefaultChannelPipeline.java:590)
	at io.netty.channel.DefaultChannelPipeline.access$000(DefaultChannelPipeline.java:44)
	at io.netty.channel.DefaultChannelPipeline$PendingHandlerAddedTask.execute(DefaultChannelPipeline.java:1355)
	at io.netty.channel.DefaultChannelPipeline.callHandlerAddedForAllHandlers(DefaultChannelPipeline.java:1090)
	at io.netty.channel.DefaultChannelPipeline.invokeHandlerAddedIfNeeded(DefaultChannelPipeline.java:640)
	at io.netty.channel.AbstractChannel$AbstractUnsafe.register0(AbstractChannel.java:452)
	at io.netty.channel.AbstractChannel$AbstractUnsafe.access$200(AbstractChannel.java:374)
	at io.netty.channel.AbstractChannel$AbstractUnsafe$1.run(AbstractChannel.java:424)
	at io.netty.util.concurrent.SingleThreadEventExecutor.runAllTasks(SingleThreadEventExecutor.java:399)
	at io.netty.channel.nio.NioEventLoop.run(NioEventLoop.java:464)
	at io.netty.util.concurrent.SingleThreadEventExecutor$2.run(SingleThreadEventExecutor.java:131)
	at io.netty.util.concurrent.DefaultThreadFactory$DefaultRunnableDecorator.run(DefaultThreadFactory.java:138)
	at java.base/java.lang.Thread.run(Thread.java:1623)
17:08:04.777 [TriggersWorkerPool-3-2] ERROR com.firebase.server.client.GCFEmulatorPublisher - genbay-116d4-default-rtdb failed to publish trigger to functions emulator with exception
com.firebase.server.router.IdleTimeoutException: null
	at com.firebase.server.router.IdleStateDetectionHandler$.<init>(IdleStateDetectionHandler.scala:13)
	at com.firebase.server.router.IdleStateDetectionHandler$.<clinit>(IdleStateDetectionHandler.scala)
	at com.firebase.server.router.ServerChannelInitializer.$anonfun$initChannel$1(ServerChannelInitializer.scala:99)
	at com.firebase.server.router.ServerChannelInitializer$.withGroup(ServerChannelInitializer.scala:65)
	at com.firebase.server.router.ServerChannelInitializer.initChannel(ServerChannelInitializer.scala:96)
	at io.netty.channel.ChannelInitializer.initChannel(ChannelInitializer.java:113)
	at io.netty.channel.ChannelInitializer.handlerAdded(ChannelInitializer.java:105)
	at io.netty.channel.DefaultChannelPipeline.callHandlerAdded0(DefaultChannelPipeline.java:590)
	at io.netty.channel.DefaultChannelPipeline.access$000(DefaultChannelPipeline.java:44)
	at io.netty.channel.DefaultChannelPipeline$PendingHandlerAddedTask.execute(DefaultChannelPipeline.java:1355)
	at io.netty.channel.DefaultChannelPipeline.callHandlerAddedForAllHandlers(DefaultChannelPipeline.java:1090)
	at io.netty.channel.DefaultChannelPipeline.invokeHandlerAddedIfNeeded(DefaultChannelPipeline.java:640)
	at io.netty.channel.AbstractChannel$AbstractUnsafe.register0(AbstractChannel.java:452)
	at io.netty.channel.AbstractChannel$AbstractUnsafe.access$200(AbstractChannel.java:374)
	at io.netty.channel.AbstractChannel$AbstractUnsafe$1.run(AbstractChannel.java:424)
	at io.netty.util.concurrent.SingleThreadEventExecutor.runAllTasks(SingleThreadEventExecutor.java:399)
	at io.netty.channel.nio.NioEventLoop.run(NioEventLoop.java:464)
	at io.netty.util.concurrent.SingleThreadEventExecutor$2.run(SingleThreadEventExecutor.java:131)
	at io.netty.util.concurrent.DefaultThreadFactory$DefaultRunnableDecorator.run(DefaultThreadFactory.java:138)
	at java.base/java.lang.Thread.run(Thread.java:1623)
17:08:04.777 [TriggersWorkerPool-3-1] ERROR com.firebase.server.client.GCFEmulatorPublisher - genbay-116d4-default-rtdb failed to publish trigger to functions emulator with exception
com.firebase.server.router.IdleTimeoutException: null
	at com.firebase.server.router.IdleStateDetectionHandler$.<init>(IdleStateDetectionHandler.scala:13)
	at com.firebase.server.router.IdleStateDetectionHandler$.<clinit>(IdleStateDetectionHandler.scala)
	at com.firebase.server.router.ServerChannelInitializer.$anonfun$initChannel$1(ServerChannelInitializer.scala:99)
	at com.firebase.server.router.ServerChannelInitializer$.withGroup(ServerChannelInitializer.scala:65)
	at com.firebase.server.router.ServerChannelInitializer.initChannel(ServerChannelInitializer.scala:96)
	at io.netty.channel.ChannelInitializer.initChannel(ChannelInitializer.java:113)
	at io.netty.channel.ChannelInitializer.handlerAdded(ChannelInitializer.java:105)
	at io.netty.channel.DefaultChannelPipeline.callHandlerAdded0(DefaultChannelPipeline.java:590)
	at io.netty.channel.DefaultChannelPipeline.access$000(DefaultChannelPipeline.java:44)
	at io.netty.channel.DefaultChannelPipeline$PendingHandlerAddedTask.execute(DefaultChannelPipeline.java:1355)
	at io.netty.channel.DefaultChannelPipeline.callHandlerAddedForAllHandlers(DefaultChannelPipeline.java:1090)
	at io.netty.channel.DefaultChannelPipeline.invokeHandlerAddedIfNeeded(DefaultChannelPipeline.java:640)
	at io.netty.channel.AbstractChannel$AbstractUnsafe.register0(AbstractChannel.java:452)
	at io.netty.channel.AbstractChannel$AbstractUnsafe.access$200(AbstractChannel.java:374)
	at io.netty.channel.AbstractChannel$AbstractUnsafe$1.run(AbstractChannel.java:424)
	at io.netty.util.concurrent.SingleThreadEventExecutor.runAllTasks(SingleThreadEventExecutor.java:399)
	at io.netty.channel.nio.NioEventLoop.run(NioEventLoop.java:464)
	at io.netty.util.concurrent.SingleThreadEventExecutor$2.run(SingleThreadEventExecutor.java:131)
	at io.netty.util.concurrent.DefaultThreadFactory$DefaultRunnableDecorator.run(DefaultThreadFactory.java:138)
	at java.base/java.lang.Thread.run(Thread.java:1623)
17:08:04.780 [TriggersWorkerPool-3-1] ERROR com.firebase.server.client.GCFEmulatorPublisher - genbay-116d4-default-rtdb failed to publish trigger to functions emulator with exception
com.firebase.server.router.IdleTimeoutException: null
	at com.firebase.server.router.IdleStateDetectionHandler$.<init>(IdleStateDetectionHandler.scala:13)
	at com.firebase.server.router.IdleStateDetectionHandler$.<clinit>(IdleStateDetectionHandler.scala)
	at com.firebase.server.router.ServerChannelInitializer.$anonfun$initChannel$1(ServerChannelInitializer.scala:99)
	at com.firebase.server.router.ServerChannelInitializer$.withGroup(ServerChannelInitializer.scala:65)
	at com.firebase.server.router.ServerChannelInitializer.initChannel(ServerChannelInitializer.scala:96)
	at io.netty.channel.ChannelInitializer.initChannel(ChannelInitializer.java:113)
	at io.netty.channel.ChannelInitializer.handlerAdded(ChannelInitializer.java:105)
	at io.netty.channel.DefaultChannelPipeline.callHandlerAdded0(DefaultChannelPipeline.java:590)
	at io.netty.channel.DefaultChannelPipeline.access$000(DefaultChannelPipeline.java:44)
	at io.netty.channel.DefaultChannelPipeline$PendingHandlerAddedTask.execute(DefaultChannelPipeline.java:1355)
	at io.netty.channel.DefaultChannelPipeline.callHandlerAddedForAllHandlers(DefaultChannelPipeline.java:1090)
	at io.netty.channel.DefaultChannelPipeline.invokeHandlerAddedIfNeeded(DefaultChannelPipeline.java:640)
	at io.netty.channel.AbstractChannel$AbstractUnsafe.register0(AbstractChannel.java:452)
	at io.netty.channel.AbstractChannel$AbstractUnsafe.access$200(AbstractChannel.java:374)
	at io.netty.channel.AbstractChannel$AbstractUnsafe$1.run(AbstractChannel.java:424)
	at io.netty.util.concurrent.SingleThreadEventExecutor.runAllTasks(SingleThreadEventExecutor.java:399)
	at io.netty.channel.nio.NioEventLoop.run(NioEventLoop.java:464)
	at io.netty.util.concurrent.SingleThreadEventExecutor$2.run(SingleThreadEventExecutor.java:131)
	at io.netty.util.concurrent.DefaultThreadFactory$DefaultRunnableDecorator.run(DefaultThreadFactory.java:138)
	at java.base/java.lang.Thread.run(Thread.java:1623)
17:08:04.780 [TriggersWorkerPool-3-2] ERROR com.firebase.server.client.GCFEmulatorPublisher - genbay-116d4-default-rtdb failed to publish trigger to functions emulator with exception
com.firebase.server.router.IdleTimeoutException: null
	at com.firebase.server.router.IdleStateDetectionHandler$.<init>(IdleStateDetectionHandler.scala:13)
	at com.firebase.server.router.IdleStateDetectionHandler$.<clinit>(IdleStateDetectionHandler.scala)
	at com.firebase.server.router.ServerChannelInitializer.$anonfun$initChannel$1(ServerChannelInitializer.scala:99)
	at com.firebase.server.router.ServerChannelInitializer$.withGroup(ServerChannelInitializer.scala:65)
	at com.firebase.server.router.ServerChannelInitializer.initChannel(ServerChannelInitializer.scala:96)
	at io.netty.channel.ChannelInitializer.initChannel(ChannelInitializer.java:113)
	at io.netty.channel.ChannelInitializer.handlerAdded(ChannelInitializer.java:105)
	at io.netty.channel.DefaultChannelPipeline.callHandlerAdded0(DefaultChannelPipeline.java:590)
	at io.netty.channel.DefaultChannelPipeline.access$000(DefaultChannelPipeline.java:44)
	at io.netty.channel.DefaultChannelPipeline$PendingHandlerAddedTask.execute(DefaultChannelPipeline.java:1355)
	at io.netty.channel.DefaultChannelPipeline.callHandlerAddedForAllHandlers(DefaultChannelPipeline.java:1090)
	at io.netty.channel.DefaultChannelPipeline.invokeHandlerAddedIfNeeded(DefaultChannelPipeline.java:640)
	at io.netty.channel.AbstractChannel$AbstractUnsafe.register0(AbstractChannel.java:452)
	at io.netty.channel.AbstractChannel$AbstractUnsafe.access$200(AbstractChannel.java:374)
	at io.netty.channel.AbstractChannel$AbstractUnsafe$1.run(AbstractChannel.java:424)
	at io.netty.util.concurrent.SingleThreadEventExecutor.runAllTasks(SingleThreadEventExecutor.java:399)
	at io.netty.channel.nio.NioEventLoop.run(NioEventLoop.java:464)
	at io.netty.util.concurrent.SingleThreadEventExecutor$2.run(SingleThreadEventExecutor.java:131)
	at io.netty.util.concurrent.DefaultThreadFactory$DefaultRunnableDecorator.run(DefaultThreadFactory.java:138)
	at java.base/java.lang.Thread.run(Thread.java:1623)
17:08:04.781 [TriggersWorkerPool-3-2] ERROR com.firebase.server.client.GCFEmulatorPublisher - genbay-116d4-default-rtdb failed to publish trigger to functions emulator with exception
com.firebase.server.router.IdleTimeoutException: null
	at com.firebase.server.router.IdleStateDetectionHandler$.<init>(IdleStateDetectionHandler.scala:13)
	at com.firebase.server.router.IdleStateDetectionHandler$.<clinit>(IdleStateDetectionHandler.scala)
	at com.firebase.server.router.ServerChannelInitializer.$anonfun$initChannel$1(ServerChannelInitializer.scala:99)
	at com.firebase.server.router.ServerChannelInitializer$.withGroup(ServerChannelInitializer.scala:65)
	at com.firebase.server.router.ServerChannelInitializer.initChannel(ServerChannelInitializer.scala:96)
	at io.netty.channel.ChannelInitializer.initChannel(ChannelInitializer.java:113)
	at io.netty.channel.ChannelInitializer.handlerAdded(ChannelInitializer.java:105)
	at io.netty.channel.DefaultChannelPipeline.callHandlerAdded0(DefaultChannelPipeline.java:590)
	at io.netty.channel.DefaultChannelPipeline.access$000(DefaultChannelPipeline.java:44)
	at io.netty.channel.DefaultChannelPipeline$PendingHandlerAddedTask.execute(DefaultChannelPipeline.java:1355)
	at io.netty.channel.DefaultChannelPipeline.callHandlerAddedForAllHandlers(DefaultChannelPipeline.java:1090)
	at io.netty.channel.DefaultChannelPipeline.invokeHandlerAddedIfNeeded(DefaultChannelPipeline.java:640)
	at io.netty.channel.AbstractChannel$AbstractUnsafe.register0(AbstractChannel.java:452)
	at io.netty.channel.AbstractChannel$AbstractUnsafe.access$200(AbstractChannel.java:374)
	at io.netty.channel.AbstractChannel$AbstractUnsafe$1.run(AbstractChannel.java:424)
	at io.netty.util.concurrent.SingleThreadEventExecutor.runAllTasks(SingleThreadEventExecutor.java:399)
	at io.netty.channel.nio.NioEventLoop.run(NioEventLoop.java:464)
	at io.netty.util.concurrent.SingleThreadEventExecutor$2.run(SingleThreadEventExecutor.java:131)
	at io.netty.util.concurrent.DefaultThreadFactory$DefaultRunnableDecorator.run(DefaultThreadFactory.java:138)
	at java.base/java.lang.Thread.run(Thread.java:1623)
17:08:04.781 [TriggersWorkerPool-3-1] ERROR com.firebase.server.client.GCFEmulatorPublisher - genbay-116d4-default-rtdb failed to publish trigger to functions emulator with exception
com.firebase.server.router.IdleTimeoutException: null
	at com.firebase.server.router.IdleStateDetectionHandler$.<init>(IdleStateDetectionHandler.scala:13)
	at com.firebase.server.router.IdleStateDetectionHandler$.<clinit>(IdleStateDetectionHandler.scala)
	at com.firebase.server.router.ServerChannelInitializer.$anonfun$initChannel$1(ServerChannelInitializer.scala:99)
	at com.firebase.server.router.ServerChannelInitializer$.withGroup(ServerChannelInitializer.scala:65)
	at com.firebase.server.router.ServerChannelInitializer.initChannel(ServerChannelInitializer.scala:96)
	at io.netty.channel.ChannelInitializer.initChannel(ChannelInitializer.java:113)
	at io.netty.channel.ChannelInitializer.handlerAdded(ChannelInitializer.java:105)
	at io.netty.channel.DefaultChannelPipeline.callHandlerAdded0(DefaultChannelPipeline.java:590)
	at io.netty.channel.DefaultChannelPipeline.access$000(DefaultChannelPipeline.java:44)
	at io.netty.channel.DefaultChannelPipeline$PendingHandlerAddedTask.execute(DefaultChannelPipeline.java:1355)
	at io.netty.channel.DefaultChannelPipeline.callHandlerAddedForAllHandlers(DefaultChannelPipeline.java:1090)
	at io.netty.channel.DefaultChannelPipeline.invokeHandlerAddedIfNeeded(DefaultChannelPipeline.java:640)
	at io.netty.channel.AbstractChannel$AbstractUnsafe.register0(AbstractChannel.java:452)
	at io.netty.channel.AbstractChannel$AbstractUnsafe.access$200(AbstractChannel.java:374)
	at io.netty.channel.AbstractChannel$AbstractUnsafe$1.run(AbstractChannel.java:424)
	at io.netty.util.concurrent.SingleThreadEventExecutor.runAllTasks(SingleThreadEventExecutor.java:399)
	at io.netty.channel.nio.NioEventLoop.run(NioEventLoop.java:464)
	at io.netty.util.concurrent.SingleThreadEventExecutor$2.run(SingleThreadEventExecutor.java:131)
	at io.netty.util.concurrent.DefaultThreadFactory$DefaultRunnableDecorator.run(DefaultThreadFactory.java:138)
	at java.base/java.lang.Thread.run(Thread.java:1623)
17:08:04.782 [TriggersWorkerPool-3-2] ERROR com.firebase.server.client.GCFEmulatorPublisher - genbay-116d4-default-rtdb failed to publish trigger to functions emulator with exception
com.firebase.server.router.IdleTimeoutException: null
	at com.firebase.server.router.IdleStateDetectionHandler$.<init>(IdleStateDetectionHandler.scala:13)
	at com.firebase.server.router.IdleStateDetectionHandler$.<clinit>(IdleStateDetectionHandler.scala)
	at com.firebase.server.router.ServerChannelInitializer.$anonfun$initChannel$1(ServerChannelInitializer.scala:99)
	at com.firebase.server.router.ServerChannelInitializer$.withGroup(ServerChannelInitializer.scala:65)
	at com.firebase.server.router.ServerChannelInitializer.initChannel(ServerChannelInitializer.scala:96)
	at io.netty.channel.ChannelInitializer.initChannel(ChannelInitializer.java:113)
	at io.netty.channel.ChannelInitializer.handlerAdded(ChannelInitializer.java:105)
	at io.netty.channel.DefaultChannelPipeline.callHandlerAdded0(DefaultChannelPipeline.java:590)
	at io.netty.channel.DefaultChannelPipeline.access$000(DefaultChannelPipeline.java:44)
	at io.netty.channel.DefaultChannelPipeline$PendingHandlerAddedTask.execute(DefaultChannelPipeline.java:1355)
	at io.netty.channel.DefaultChannelPipeline.callHandlerAddedForAllHandlers(DefaultChannelPipeline.java:1090)
	at io.netty.channel.DefaultChannelPipeline.invokeHandlerAddedIfNeeded(DefaultChannelPipeline.java:640)
	at io.netty.channel.AbstractChannel$AbstractUnsafe.register0(AbstractChannel.java:452)
	at io.netty.channel.AbstractChannel$AbstractUnsafe.access$200(AbstractChannel.java:374)
	at io.netty.channel.AbstractChannel$AbstractUnsafe$1.run(AbstractChannel.java:424)
	at io.netty.util.concurrent.SingleThreadEventExecutor.runAllTasks(SingleThreadEventExecutor.java:399)
	at io.netty.channel.nio.NioEventLoop.run(NioEventLoop.java:464)
	at io.netty.util.concurrent.SingleThreadEventExecutor$2.run(SingleThreadEventExecutor.java:131)
	at io.netty.util.concurrent.DefaultThreadFactory$DefaultRunnableDecorator.run(DefaultThreadFactory.java:138)
	at java.base/java.lang.Thread.run(Thread.java:1623)
17:08:04.782 [TriggersWorkerPool-3-1] ERROR com.firebase.server.client.GCFEmulatorPublisher - genbay-116d4-default-rtdb failed to publish trigger to functions emulator with exception
com.firebase.server.router.IdleTimeoutException: null
	at com.firebase.server.router.IdleStateDetectionHandler$.<init>(IdleStateDetectionHandler.scala:13)
	at com.firebase.server.router.IdleStateDetectionHandler$.<clinit>(IdleStateDetectionHandler.scala)
	at com.firebase.server.router.ServerChannelInitializer.$anonfun$initChannel$1(ServerChannelInitializer.scala:99)
	at com.firebase.server.router.ServerChannelInitializer$.withGroup(ServerChannelInitializer.scala:65)
	at com.firebase.server.router.ServerChannelInitializer.initChannel(ServerChannelInitializer.scala:96)
	at io.netty.channel.ChannelInitializer.initChannel(ChannelInitializer.java:113)
	at io.netty.channel.ChannelInitializer.handlerAdded(ChannelInitializer.java:105)
	at io.netty.channel.DefaultChannelPipeline.callHandlerAdded0(DefaultChannelPipeline.java:590)
	at io.netty.channel.DefaultChannelPipeline.access$000(DefaultChannelPipeline.java:44)
	at io.netty.channel.DefaultChannelPipeline$PendingHandlerAddedTask.execute(DefaultChannelPipeline.java:1355)
	at io.netty.channel.DefaultChannelPipeline.callHandlerAddedForAllHandlers(DefaultChannelPipeline.java:1090)
	at io.netty.channel.DefaultChannelPipeline.invokeHandlerAddedIfNeeded(DefaultChannelPipeline.java:640)
	at io.netty.channel.AbstractChannel$AbstractUnsafe.register0(AbstractChannel.java:452)
	at io.netty.channel.AbstractChannel$AbstractUnsafe.access$200(AbstractChannel.java:374)
	at io.netty.channel.AbstractChannel$AbstractUnsafe$1.run(AbstractChannel.java:424)
	at io.netty.util.concurrent.SingleThreadEventExecutor.runAllTasks(SingleThreadEventExecutor.java:399)
	at io.netty.channel.nio.NioEventLoop.run(NioEventLoop.java:464)
	at io.netty.util.concurrent.SingleThreadEventExecutor$2.run(SingleThreadEventExecutor.java:131)
	at io.netty.util.concurrent.DefaultThreadFactory$DefaultRunnableDecorator.run(DefaultThreadFactory.java:138)
	at java.base/java.lang.Thread.run(Thread.java:1623)
17:08:04.782 [TriggersWorkerPool-3-2] ERROR com.firebase.server.client.GCFEmulatorPublisher - genbay-116d4-default-rtdb failed to publish trigger to functions emulator with exception
com.firebase.server.router.IdleTimeoutException: null
	at com.firebase.server.router.IdleStateDetectionHandler$.<init>(IdleStateDetectionHandler.scala:13)
	at com.firebase.server.router.IdleStateDetectionHandler$.<clinit>(IdleStateDetectionHandler.scala)
	at com.firebase.server.router.ServerChannelInitializer.$anonfun$initChannel$1(ServerChannelInitializer.scala:99)
	at com.firebase.server.router.ServerChannelInitializer$.withGroup(ServerChannelInitializer.scala:65)
	at com.firebase.server.router.ServerChannelInitializer.initChannel(ServerChannelInitializer.scala:96)
	at io.netty.channel.ChannelInitializer.initChannel(ChannelInitializer.java:113)
	at io.netty.channel.ChannelInitializer.handlerAdded(ChannelInitializer.java:105)
	at io.netty.channel.DefaultChannelPipeline.callHandlerAdded0(DefaultChannelPipeline.java:590)
	at io.netty.channel.DefaultChannelPipeline.access$000(DefaultChannelPipeline.java:44)
	at io.netty.channel.DefaultChannelPipeline$PendingHandlerAddedTask.execute(DefaultChannelPipeline.java:1355)
	at io.netty.channel.DefaultChannelPipeline.callHandlerAddedForAllHandlers(DefaultChannelPipeline.java:1090)
	at io.netty.channel.DefaultChannelPipeline.invokeHandlerAddedIfNeeded(DefaultChannelPipeline.java:640)
	at io.netty.channel.AbstractChannel$AbstractUnsafe.register0(AbstractChannel.java:452)
	at io.netty.channel.AbstractChannel$AbstractUnsafe.access$200(AbstractChannel.java:374)
	at io.netty.channel.AbstractChannel$AbstractUnsafe$1.run(AbstractChannel.java:424)
	at io.netty.util.concurrent.SingleThreadEventExecutor.runAllTasks(SingleThreadEventExecutor.java:399)
	at io.netty.channel.nio.NioEventLoop.run(NioEventLoop.java:464)
	at io.netty.util.concurrent.SingleThreadEventExecutor$2.run(SingleThreadEventExecutor.java:131)
	at io.netty.util.concurrent.DefaultThreadFactory$DefaultRunnableDecorator.run(DefaultThreadFactory.java:138)
	at java.base/java.lang.Thread.run(Thread.java:1623)
17:08:04.782 [TriggersWorkerPool-3-1] ERROR com.firebase.server.client.GCFEmulatorPublisher - genbay-116d4-default-rtdb failed to publish trigger to functions emulator with exception
com.firebase.server.router.IdleTimeoutException: null
	at com.firebase.server.router.IdleStateDetectionHandler$.<init>(IdleStateDetectionHandler.scala:13)
	at com.firebase.server.router.IdleStateDetectionHandler$.<clinit>(IdleStateDetectionHandler.scala)
	at com.firebase.server.router.ServerChannelInitializer.$anonfun$initChannel$1(ServerChannelInitializer.scala:99)
	at com.firebase.server.router.ServerChannelInitializer$.withGroup(ServerChannelInitializer.scala:65)
	at com.firebase.server.router.ServerChannelInitializer.initChannel(ServerChannelInitializer.scala:96)
	at io.netty.channel.ChannelInitializer.initChannel(ChannelInitializer.java:113)
	at io.netty.channel.ChannelInitializer.handlerAdded(ChannelInitializer.java:105)
	at io.netty.channel.DefaultChannelPipeline.callHandlerAdded0(DefaultChannelPipeline.java:590)
	at io.netty.channel.DefaultChannelPipeline.access$000(DefaultChannelPipeline.java:44)
	at io.netty.channel.DefaultChannelPipeline$PendingHandlerAddedTask.execute(DefaultChannelPipeline.java:1355)
	at io.netty.channel.DefaultChannelPipeline.callHandlerAddedForAllHandlers(DefaultChannelPipeline.java:1090)
	at io.netty.channel.DefaultChannelPipeline.invokeHandlerAddedIfNeeded(DefaultChannelPipeline.java:640)
	at io.netty.channel.AbstractChannel$AbstractUnsafe.register0(AbstractChannel.java:452)
	at io.netty.channel.AbstractChannel$AbstractUnsafe.access$200(AbstractChannel.java:374)
	at io.netty.channel.AbstractChannel$AbstractUnsafe$1.run(AbstractChannel.java:424)
	at io.netty.util.concurrent.SingleThreadEventExecutor.runAllTasks(SingleThreadEventExecutor.java:399)
	at io.netty.channel.nio.NioEventLoop.run(NioEventLoop.java:464)
	at io.netty.util.concurrent.SingleThreadEventExecutor$2.run(SingleThreadEventExecutor.java:131)
	at io.netty.util.concurrent.DefaultThreadFactory$DefaultRunnableDecorator.run(DefaultThreadFactory.java:138)
	at java.base/java.lang.Thread.run(Thread.java:1623)
17:08:04.783 [TriggersWorkerPool-3-2] ERROR com.firebase.server.client.GCFEmulatorPublisher - genbay-116d4-default-rtdb failed to publish trigger to functions emulator with exception
com.firebase.server.router.IdleTimeoutException: null
	at com.firebase.server.router.IdleStateDetectionHandler$.<init>(IdleStateDetectionHandler.scala:13)
	at com.firebase.server.router.IdleStateDetectionHandler$.<clinit>(IdleStateDetectionHandler.scala)
	at com.firebase.server.router.ServerChannelInitializer.$anonfun$initChannel$1(ServerChannelInitializer.scala:99)
	at com.firebase.server.router.ServerChannelInitializer$.withGroup(ServerChannelInitializer.scala:65)
	at com.firebase.server.router.ServerChannelInitializer.initChannel(ServerChannelInitializer.scala:96)
	at io.netty.channel.ChannelInitializer.initChannel(ChannelInitializer.java:113)
	at io.netty.channel.ChannelInitializer.handlerAdded(ChannelInitializer.java:105)
	at io.netty.channel.DefaultChannelPipeline.callHandlerAdded0(DefaultChannelPipeline.java:590)
	at io.netty.channel.DefaultChannelPipeline.access$000(DefaultChannelPipeline.java:44)
	at io.netty.channel.DefaultChannelPipeline$PendingHandlerAddedTask.execute(DefaultChannelPipeline.java:1355)
	at io.netty.channel.DefaultChannelPipeline.callHandlerAddedForAllHandlers(DefaultChannelPipeline.java:1090)
	at io.netty.channel.DefaultChannelPipeline.invokeHandlerAddedIfNeeded(DefaultChannelPipeline.java:640)
	at io.netty.channel.AbstractChannel$AbstractUnsafe.register0(AbstractChannel.java:452)
	at io.netty.channel.AbstractChannel$AbstractUnsafe.access$200(AbstractChannel.java:374)
	at io.netty.channel.AbstractChannel$AbstractUnsafe$1.run(AbstractChannel.java:424)
	at io.netty.util.concurrent.SingleThreadEventExecutor.runAllTasks(SingleThreadEventExecutor.java:399)
	at io.netty.channel.nio.NioEventLoop.run(NioEventLoop.java:464)
	at io.netty.util.concurrent.SingleThreadEventExecutor$2.run(SingleThreadEventExecutor.java:131)
	at io.netty.util.concurrent.DefaultThreadFactory$DefaultRunnableDecorator.run(DefaultThreadFactory.java:138)
	at java.base/java.lang.Thread.run(Thread.java:1623)
17:08:04.787 [TriggersWorkerPool-3-1] ERROR com.firebase.server.client.GCFEmulatorPublisher - genbay-116d4-default-rtdb failed to publish trigger to functions emulator with exception
com.firebase.server.router.IdleTimeoutException: null
	at com.firebase.server.router.IdleStateDetectionHandler$.<init>(IdleStateDetectionHandler.scala:13)
	at com.firebase.server.router.IdleStateDetectionHandler$.<clinit>(IdleStateDetectionHandler.scala)
	at com.firebase.server.router.ServerChannelInitializer.$anonfun$initChannel$1(ServerChannelInitializer.scala:99)
	at com.firebase.server.router.ServerChannelInitializer$.withGroup(ServerChannelInitializer.scala:65)
	at com.firebase.server.router.ServerChannelInitializer.initChannel(ServerChannelInitializer.scala:96)
	at io.netty.channel.ChannelInitializer.initChannel(ChannelInitializer.java:113)
	at io.netty.channel.ChannelInitializer.handlerAdded(ChannelInitializer.java:105)
	at io.netty.channel.DefaultChannelPipeline.callHandlerAdded0(DefaultChannelPipeline.java:590)
	at io.netty.channel.DefaultChannelPipeline.access$000(DefaultChannelPipeline.java:44)
	at io.netty.channel.DefaultChannelPipeline$PendingHandlerAddedTask.execute(DefaultChannelPipeline.java:1355)
	at io.netty.channel.DefaultChannelPipeline.callHandlerAddedForAllHandlers(DefaultChannelPipeline.java:1090)
	at io.netty.channel.DefaultChannelPipeline.invokeHandlerAddedIfNeeded(DefaultChannelPipeline.java:640)
	at io.netty.channel.AbstractChannel$AbstractUnsafe.register0(AbstractChannel.java:452)
	at io.netty.channel.AbstractChannel$AbstractUnsafe.access$200(AbstractChannel.java:374)
	at io.netty.channel.AbstractChannel$AbstractUnsafe$1.run(AbstractChannel.java:424)
	at io.netty.util.concurrent.SingleThreadEventExecutor.runAllTasks(SingleThreadEventExecutor.java:399)
	at io.netty.channel.nio.NioEventLoop.run(NioEventLoop.java:464)
	at io.netty.util.concurrent.SingleThreadEventExecutor$2.run(SingleThreadEventExecutor.java:131)
	at io.netty.util.concurrent.DefaultThreadFactory$DefaultRunnableDecorator.run(DefaultThreadFactory.java:138)
	at java.base/java.lang.Thread.run(Thread.java:1623)
17:08:04.787 [TriggersWorkerPool-3-1] ERROR com.firebase.server.client.GCFEmulatorPublisher - genbay-116d4-default-rtdb failed to publish trigger to functions emulator with exception
com.firebase.server.router.IdleTimeoutException: null
	at com.firebase.server.router.IdleStateDetectionHandler$.<init>(IdleStateDetectionHandler.scala:13)
	at com.firebase.server.router.IdleStateDetectionHandler$.<clinit>(IdleStateDetectionHandler.scala)
	at com.firebase.server.router.ServerChannelInitializer.$anonfun$initChannel$1(ServerChannelInitializer.scala:99)
	at com.firebase.server.router.ServerChannelInitializer$.withGroup(ServerChannelInitializer.scala:65)
	at com.firebase.server.router.ServerChannelInitializer.initChannel(ServerChannelInitializer.scala:96)
	at io.netty.channel.ChannelInitializer.initChannel(ChannelInitializer.java:113)
	at io.netty.channel.ChannelInitializer.handlerAdded(ChannelInitializer.java:105)
	at io.netty.channel.DefaultChannelPipeline.callHandlerAdded0(DefaultChannelPipeline.java:590)
	at io.netty.channel.DefaultChannelPipeline.access$000(DefaultChannelPipeline.java:44)
	at io.netty.channel.DefaultChannelPipeline$PendingHandlerAddedTask.execute(DefaultChannelPipeline.java:1355)
	at io.netty.channel.DefaultChannelPipeline.callHandlerAddedForAllHandlers(DefaultChannelPipeline.java:1090)
	at io.netty.channel.DefaultChannelPipeline.invokeHandlerAddedIfNeeded(DefaultChannelPipeline.java:640)
	at io.netty.channel.AbstractChannel$AbstractUnsafe.register0(AbstractChannel.java:452)
	at io.netty.channel.AbstractChannel$AbstractUnsafe.access$200(AbstractChannel.java:374)
	at io.netty.channel.AbstractChannel$AbstractUnsafe$1.run(AbstractChannel.java:424)
	at io.netty.util.concurrent.SingleThreadEventExecutor.runAllTasks(SingleThreadEventExecutor.java:399)
	at io.netty.channel.nio.NioEventLoop.run(NioEventLoop.java:464)
	at io.netty.util.concurrent.SingleThreadEventExecutor$2.run(SingleThreadEventExecutor.java:131)
	at io.netty.util.concurrent.DefaultThreadFactory$DefaultRunnableDecorator.run(DefaultThreadFactory.java:138)
	at java.base/java.lang.Thread.run(Thread.java:1623)
17:08:04.788 [TriggersWorkerPool-3-1] ERROR com.firebase.server.client.GCFEmulatorPublisher - genbay-116d4-default-rtdb failed to publish trigger to functions emulator with exception
com.firebase.server.router.IdleTimeoutException: null
	at com.firebase.server.router.IdleStateDetectionHandler$.<init>(IdleStateDetectionHandler.scala:13)
	at com.firebase.server.router.IdleStateDetectionHandler$.<clinit>(IdleStateDetectionHandler.scala)
	at com.firebase.server.router.ServerChannelInitializer.$anonfun$initChannel$1(ServerChannelInitializer.scala:99)
	at com.firebase.server.router.ServerChannelInitializer$.withGroup(ServerChannelInitializer.scala:65)
	at com.firebase.server.router.ServerChannelInitializer.initChannel(ServerChannelInitializer.scala:96)
	at io.netty.channel.ChannelInitializer.initChannel(ChannelInitializer.java:113)
	at io.netty.channel.ChannelInitializer.handlerAdded(ChannelInitializer.java:105)
	at io.netty.channel.DefaultChannelPipeline.callHandlerAdded0(DefaultChannelPipeline.java:590)
	at io.netty.channel.DefaultChannelPipeline.access$000(DefaultChannelPipeline.java:44)
	at io.netty.channel.DefaultChannelPipeline$PendingHandlerAddedTask.execute(DefaultChannelPipeline.java:1355)
	at io.netty.channel.DefaultChannelPipeline.callHandlerAddedForAllHandlers(DefaultChannelPipeline.java:1090)
	at io.netty.channel.DefaultChannelPipeline.invokeHandlerAddedIfNeeded(DefaultChannelPipeline.java:640)
	at io.netty.channel.AbstractChannel$AbstractUnsafe.register0(AbstractChannel.java:452)
	at io.netty.channel.AbstractChannel$AbstractUnsafe.access$200(AbstractChannel.java:374)
	at io.netty.channel.AbstractChannel$AbstractUnsafe$1.run(AbstractChannel.java:424)
	at io.netty.util.concurrent.SingleThreadEventExecutor.runAllTasks(SingleThreadEventExecutor.java:399)
	at io.netty.channel.nio.NioEventLoop.run(NioEventLoop.java:464)
	at io.netty.util.concurrent.SingleThreadEventExecutor$2.run(SingleThreadEventExecutor.java:131)
	at io.netty.util.concurrent.DefaultThreadFactory$DefaultRunnableDecorator.run(DefaultThreadFactory.java:138)
	at java.base/java.lang.Thread.run(Thread.java:1623)
17:25:01.767 [NamespaceSystem-blocking-namespace-operation-dispatcher-38] INFO com.firebase.core.stats.EventAuditLog - {"eventId":"cd7bjYl0urz5UoM/7vyY0o15dHM=","namespace":"genbay-116d4-default-rtdb","projectNumber":"123456789","eventType":"providers/google.firebase.database/eventTypes/ref.create","flowName":"projects/genbay-116d4/topics/us-central1-friendRequestSent-0","resource":"projects/_/instances/genbay-116d4-default-rtdb/refs/friends/Fnwh5s7hiCWL05lT2zPbgOdZ9VG3/pendingList/0","evaluationTimestamp":"2023-05-06T11:55:01.756Z","stage":"TRIGGERED"}
17:25:49.897 [NamespaceSystem-blocking-namespace-operation-dispatcher-51] INFO com.firebase.core.stats.EventAuditLog - {"eventId":"6/4p7yp5hUBur8nwh2blz/sjkVE=","namespace":"genbay-116d4-default-rtdb","projectNumber":"123456789","eventType":"providers/google.firebase.database/eventTypes/ref.create","flowName":"projects/genbay-116d4/topics/us-central1-friendRequestSent-0","resource":"projects/_/instances/genbay-116d4-default-rtdb/refs/friends/Fnwh5s7hiCWL05lT2zPbgOdZ9VG3/pendingList/1","evaluationTimestamp":"2023-05-06T11:55:49.893Z","stage":"TRIGGERED"}
17:26:39.595 [NamespaceSystem-blocking-namespace-operation-dispatcher-64] INFO com.firebase.core.stats.EventAuditLog - {"eventId":"E8Ur1QeccY07c1EiPmKh8TDPNTw=","namespace":"genbay-116d4-default-rtdb","projectNumber":"123456789","eventType":"providers/google.firebase.database/eventTypes/ref.create","flowName":"projects/genbay-116d4/topics/us-central1-friendRequestAccepted-0","resource":"projects/_/instances/genbay-116d4-default-rtdb/refs/friends/Fnwh5s7hiCWL05lT2zPbgOdZ9VG3/acceptedList/6","evaluationTimestamp":"2023-05-06T11:56:39.575Z","stage":"TRIGGERED"}
17:27:17.632 [NamespaceSystem-blocking-namespace-operation-dispatcher-79] INFO com.firebase.core.stats.EventAuditLog - {"eventId":"hVmkzrEAO2QPvZDdDnbhpMAHSSs=","namespace":"genbay-116d4-default-rtdb","projectNumber":"123456789","eventType":"providers/google.firebase.database/eventTypes/ref.create","flowName":"projects/genbay-116d4/topics/us-central1-friendRequestAccepted-0","resource":"projects/_/instances/genbay-116d4-default-rtdb/refs/friends/Fnwh5s7hiCWL05lT2zPbgOdZ9VG3/acceptedList/7","evaluationTimestamp":"2023-05-06T11:57:17.631Z","stage":"TRIGGERED"}
